#
# A fatal error has been detected by the Java Runtime Environment:
#
#  EXCEPTION_ACCESS_VIOLATION (0xc0000005) at pc=0x00007ffc67ce67f0, pid=14544, tid=0x0000000000001228
#
# JRE version: Java(TM) SE Runtime Environment (8.0_281-b09) (build 1.8.0_281-b09)
# Java VM: Java HotSpot(TM) 64-Bit Server VM (25.281-b09 mixed mode windows-amd64 compressed oops)
# Problematic frame:
# C  [glass.dll+0x267f0]
#
# Failed to write core dump. Minidumps are not enabled by default on client versions of Windows
#
# If you would like to submit a bug report, please visit:
#   http://bugreport.java.com/bugreport/crash.jsp
#

---------------  T H R E A D  ---------------

Current thread (0x00000207b30d3800):  VMThread [stack: 0x0000004856900000,0x0000004856a00000] [id=4648]

siginfo: ExceptionCode=0xc0000005, reading address 0x0000000000000000

Registers:
RAX=0x0000000000000000, RBX=0x00000207b30dadc0, RCX=0x00000207b30d3800, RDX=0x000000006c1606a8
RSP=0x00000048569ff0e0, RBP=0x00000207b68e87e8, RSI=0x00000207b68e87c0, RDI=0x000039fadb559d1e
R8 =0x0000000000010002, R9 =0x000039fadb559d1e, R10=0x0000000000008000, R11=0x00000048569ff080
R12=0x00007ffc67ce3c74, R13=0x00000207988ccf30, R14=0x00000048569ff1e8, R15=0x00000207b68e87c0
RIP=0x00007ffc67ce67f0, EFLAGS=0x0000000000010206

Top of Stack: (sp=0x00000048569ff0e0)
0x00000048569ff0e0:   0000000000000000 00007ffc992bf05b
0x00000048569ff0f0:   00000207b68e87d0 00000207b68e87c0
0x00000048569ff100:   fffffffffffffffe 00007ffc67ce3c74
0x00000048569ff110:   00000207b68e87c8 00007ffc992c42d6
0x00000048569ff120:   00000207b68e87d0 0000020700000000
0x00000048569ff130:   00000207b68e87e8 00000207b68e87c0
0x00000048569ff140:   fffffffffffffffe 0000000000000000
0x00000048569ff150:   0000000000000001 00007ffc67cc0000
0x00000048569ff160:   00000048569ff1d8 00007ffc992c41fb
0x00000048569ff170:   0000000000000000 00000048569ff1e8
0x00000048569ff180:   00000048569ff4a0 00007ffc993a0e40
0x00000048569ff190:   0000000000000000 00007ffc992c41b4
0x00000048569ff1a0:   0000000000000000 0000000000000001
0x00000048569ff1b0:   0000000000000001 00000048569ff1d8
0x00000048569ff1c0:   0000000000000000 00007ffc67ce3b02
0x00000048569ff1d0:   00007ffc67cfd118 00007ffc00000002 

Instructions: (pc=0x00007ffc67ce67f0)
0x00007ffc67ce67d0:   40 53 48 83 ec 30 48 c7 44 24 20 fe ff ff ff 48
0x00007ffc67ce67e0:   8b 1d 2a 63 01 00 48 85 db 74 16 e8 10 86 ff ff
0x00007ffc67ce67f0:   4c 8b 00 48 8b d3 48 8b c8 41 ff 90 b0 00 00 00
0x00007ffc67ce6800:   90 48 83 c4 30 5b c3 cc cc cc cc cc cc cc cc cc 


Register to memory mapping:

RAX=0x0000000000000000 is an unknown value
RBX=0x00000207b30dadc0 is a global jni handle
RCX=0x00000207b30d3800 is an unknown value
RDX=0x000000006c1606a8 is an unknown value
RSP=0x00000048569ff0e0 is an unknown value
RBP=0x00000207b68e87e8 is an unknown value
RSI=0x00000207b68e87c0 is an unknown value
RDI=0x000039fadb559d1e is an unknown value
R8 =0x0000000000010002 is an unknown value
R9 =0x000039fadb559d1e is an unknown value
R10=0x0000000000008000 is an unknown value
R11=0x00000048569ff080 is an unknown value
R12=0x00007ffc67ce3c74 is an unknown value
R13=0x00000207988ccf30 is an unknown value
R14=0x00000048569ff1e8 is an unknown value
R15=0x00000207b68e87c0 is an unknown value


Stack: [0x0000004856900000,0x0000004856a00000],  sp=0x00000048569ff0e0,  free space=1020k
Native frames: (J=compiled Java code, j=interpreted, Vv=VM code, C=native code)
C  [glass.dll+0x267f0]
C  [ucrtbase.dll+0x142d6]
C  [ucrtbase.dll+0x141fb]
C  [ucrtbase.dll+0x141b4]
C  [glass.dll+0x23b02]
C  [glass.dll+0x23c28]
C  [ntdll.dll+0x19a1d]
C  [ntdll.dll+0x5db91]
C  [ntdll.dll+0x5da2d]
C  [KERNEL32.DLL+0x1e0ab]
C  [ucrtbase.dll+0x205bc]
C  [ucrtbase.dll+0x2045f]
V  [jvm.dll+0x20a255]
V  [jvm.dll+0x244ee6]
V  [jvm.dll+0x245447]
V  [jvm.dll+0x243bb5]
V  [jvm.dll+0x24432c]
V  [jvm.dll+0x24463c]
V  [jvm.dll+0x291cbc]
C  [ucrtbase.dll+0x21bb2]
C  [KERNEL32.DLL+0x17034]
C  [ntdll.dll+0x52651]

VM_Operation (0x00000048558ff0e0): Exit, mode: safepoint, requested by thread 0x00000207bc113000


---------------  P R O C E S S  ---------------

Java Threads: ( => current thread )
  0x00000207bc116000 JavaThread "AWT-Shutdown" [_thread_blocked, id=18388, stack(0x0000004857000000,0x0000004857100000)]
  0x00000207bc113000 JavaThread "SIGINT handler" daemon [_thread_blocked, id=6416, stack(0x0000004855800000,0x0000004855900000)]
  0x00000207bc110000 JavaThread "ForkJoinPool.commonPool-worker-0" daemon [_thread_blocked, id=11988, stack(0x000000485ae00000,0x000000485af00000)]
  0x00000207bc10e800 JavaThread "ForkJoinPool.commonPool-worker-11" daemon [_thread_blocked, id=23928, stack(0x000000485a400000,0x000000485a500000)]
  0x00000207bc114800 JavaThread "ForkJoinPool.commonPool-worker-5" daemon [_thread_blocked, id=14208, stack(0x000000485b000000,0x000000485b100000)]
  0x00000207bc119000 JavaThread "ForkJoinPool.commonPool-worker-14" daemon [_thread_blocked, id=1676, stack(0x000000485af00000,0x000000485b000000)]
  0x00000207bc115000 JavaThread "ForkJoinPool.commonPool-worker-15" daemon [_thread_blocked, id=17156, stack(0x000000485a900000,0x000000485aa00000)]
  0x00000207bc112000 JavaThread "ForkJoinPool.commonPool-worker-8" daemon [_thread_blocked, id=15232, stack(0x000000485a800000,0x000000485a900000)]
  0x00000207bc111800 JavaThread "ForkJoinPool.commonPool-worker-6" daemon [_thread_blocked, id=6764, stack(0x000000485a700000,0x000000485a800000)]
  0x00000207bc10f000 JavaThread "ForkJoinPool.commonPool-worker-13" daemon [_thread_blocked, id=15436, stack(0x000000485a600000,0x000000485a700000)]
  0x00000207bd21d800 JavaThread "ForkJoinPool.commonPool-worker-2" daemon [_thread_blocked, id=6676, stack(0x0000004859a00000,0x0000004859b00000)]
  0x00000207bd21f800 JavaThread "Java2D Disposer" daemon [_thread_blocked, id=23300, stack(0x0000004859900000,0x0000004859a00000)]
  0x00000207bd21b000 JavaThread "HikariPool-1 housekeeper" daemon [_thread_blocked, id=23540, stack(0x0000004859400000,0x0000004859500000)]
  0x00000207bd21f000 JavaThread "PostgreSQL-JDBC-SharedTimer-1" daemon [_thread_blocked, id=12728, stack(0x0000004859200000,0x0000004859300000)]
  0x00000207bdd9f800 JavaThread "Prism Font Disposer" daemon [_thread_blocked, id=11964, stack(0x0000004859100000,0x0000004859200000)]
  0x00000207bb890000 JavaThread "Thread-3" daemon [_thread_in_native, id=3380, stack(0x0000004858e00000,0x0000004858f00000)]
  0x00000207bb93c800 JavaThread "JavaFX-Launcher" [_thread_blocked, id=20916, stack(0x0000004858f00000,0x0000004859000000)]
  0x00000207b6a04800 JavaThread "JavaFX Application Thread" [_thread_blocked, id=19712, stack(0x0000004858300000,0x0000004858400000)]
  0x00000207b68f2800 JavaThread "Thread-1" daemon [_thread_blocked, id=22588, stack(0x0000004858200000,0x0000004858300000)]
  0x00000207b63d7000 JavaThread "Service Thread" daemon [_thread_blocked, id=23016, stack(0x0000004857d00000,0x0000004857e00000)]
  0x00000207b639c000 JavaThread "C1 CompilerThread11" daemon [_thread_blocked, id=2832, stack(0x0000004857c00000,0x0000004857d00000)]
  0x00000207b6391000 JavaThread "C1 CompilerThread10" daemon [_thread_blocked, id=904, stack(0x0000004857b00000,0x0000004857c00000)]
  0x00000207b6390000 JavaThread "C1 CompilerThread9" daemon [_thread_blocked, id=21840, stack(0x0000004857a00000,0x0000004857b00000)]
  0x00000207b638f000 JavaThread "C1 CompilerThread8" daemon [_thread_blocked, id=21872, stack(0x0000004857900000,0x0000004857a00000)]
  0x00000207b638c800 JavaThread "C2 CompilerThread7" daemon [_thread_blocked, id=1288, stack(0x0000004857800000,0x0000004857900000)]
  0x00000207b6387800 JavaThread "C2 CompilerThread6" daemon [_thread_blocked, id=12700, stack(0x0000004857700000,0x0000004857800000)]
  0x00000207b6384000 JavaThread "C2 CompilerThread5" daemon [_thread_blocked, id=8332, stack(0x0000004857600000,0x0000004857700000)]
  0x00000207b6383000 JavaThread "C2 CompilerThread4" daemon [_thread_blocked, id=10792, stack(0x0000004857500000,0x0000004857600000)]
  0x00000207b637c000 JavaThread "C2 CompilerThread3" daemon [_thread_blocked, id=12624, stack(0x0000004857400000,0x0000004857500000)]
  0x00000207b637a000 JavaThread "C2 CompilerThread2" daemon [_thread_blocked, id=8868, stack(0x0000004857300000,0x0000004857400000)]
  0x00000207b6379000 JavaThread "C2 CompilerThread1" daemon [_thread_blocked, id=23088, stack(0x0000004857200000,0x0000004857300000)]
  0x00000207b6376800 JavaThread "C2 CompilerThread0" daemon [_thread_blocked, id=880, stack(0x0000004857100000,0x0000004857200000)]
  0x00000207b5e3c800 JavaThread "JDWP Event Helper Thread" daemon [_thread_blocked, id=24308, stack(0x0000004856f00000,0x0000004857000000)]
  0x00000207b5e1b000 JavaThread "Attach Listener" daemon [_thread_blocked, id=14532, stack(0x0000004856d00000,0x0000004856e00000)]
  0x00000207b5e18800 JavaThread "Signal Dispatcher" daemon [_thread_blocked, id=9812, stack(0x0000004856c00000,0x0000004856d00000)]
  0x00000207b30e4800 JavaThread "Finalizer" daemon [_thread_blocked, id=24432, stack(0x0000004856b00000,0x0000004856c00000)]
  0x00000207b5e00800 JavaThread "Reference Handler" daemon [_thread_blocked, id=5004, stack(0x0000004856a00000,0x0000004856b00000)]
  0x0000020798812000 JavaThread "main" [_thread_blocked, id=13620, stack(0x0000004855b00000,0x0000004855c00000)]

Other Threads:
=>0x00000207b30d3800 VMThread [stack: 0x0000004856900000,0x0000004856a00000] [id=4648]

VM state:at safepoint (shutting down)

VM Mutex/Monitor currently owned by a thread:  ([mutex/lock_event])
[0x000002079880f5d0] Threads_lock - owner thread: 0x00000207b30d3800

heap address: 0x00000006ca000000, size: 3936 MB, Compressed Oops mode: Zero based, Oop shift amount: 3
Narrow klass base: 0x0000000000000000, Narrow klass shift: 3
Compressed class space size: 1073741824 Address: 0x00000007c0000000

Heap:
 PSYoungGen      total 1328640K, used 914012K [0x000000076e000000, 0x00000007bfd80000, 0x00000007c0000000)
  eden space 1319424K, 69% used [0x000000076e000000,0x00000007a5c77208,0x00000007be880000)
  from space 9216K, 1% used [0x00000007bf480000,0x00000007bf4a0000,0x00000007bfd80000)
  to   space 10752K, 0% used [0x00000007be880000,0x00000007be880000,0x00000007bf300000)
 ParOldGen       total 625664K, used 548529K [0x00000006ca000000, 0x00000006f0300000, 0x000000076e000000)
  object space 625664K, 87% used [0x00000006ca000000,0x00000006eb7ac4a0,0x00000006f0300000)
 Metaspace       used 33910K, capacity 36166K, committed 36224K, reserved 1081344K
  class space    used 4298K, capacity 4708K, committed 4736K, reserved 1048576K

Card table byte_map: [0x00000207a9660000,0x00000207a9e20000] byte_map_base: 0x00000207a6010000

Marking Bits: (ParMarkBitMap*) 0x000000006c356ff0
 Begin Bits: [0x00000207aa340000, 0x00000207ae0c0000)
 End Bits:   [0x00000207ae0c0000, 0x00000207b1e40000)

Polling page: 0x0000020798a20000

CodeCache: size=245760Kb used=27799Kb max_used=28372Kb free=217960Kb
 bounds [0x000002079a2a0000, 0x000002079bf00000, 0x00000207a92a0000]
 total_blobs=7660 nmethods=6846 adapters=731
 compilation: enabled

Compilation events (10 events):
Event: 72.296 Thread 0x00000207b639c000 nmethod 8237 0x000002079ab74b10 code [0x000002079ab74c80, 0x000002079ab751a0]
Event: 72.297 Thread 0x00000207b6391000 nmethod 8238 0x000002079a8b7c10 code [0x000002079a8b7da0, 0x000002079a8b8380]
Event: 72.297 Thread 0x00000207b6391000 8239       3       service.DeduplicationServices$$Lambda$596/697674778::get$Lambda (14 bytes)
Event: 72.297 Thread 0x00000207b6391000 nmethod 8239 0x000002079a9e7890 code [0x000002079a9e7a00, 0x000002079a9e7cb8]
Event: 72.297 Thread 0x00000207b6391000 8240       3       service.DeduplicationServices$$Lambda$596/697674778::<init> (32 bytes)
Event: 72.297 Thread 0x00000207b6391000 nmethod 8240 0x000002079a9d2bd0 code [0x000002079a9d2d20, 0x000002079a9d2f38]
Event: 72.297 Thread 0x00000207b638f000 nmethod 8235 0x000002079ae33e90 code [0x000002079ae34100, 0x000002079ae35360]
Event: 72.297 Thread 0x00000207b6390000 nmethod 8236 0x000002079ada4ad0 code [0x000002079ada4d40, 0x000002079ada5f00]
Event: 82.388 Thread 0x00000207b6391000 8241       3       java.util.logging.LogManager$LoggerContext::ensureDefaultLogger (70 bytes)
Event: 82.388 Thread 0x00000207b6391000 nmethod 8241 0x000002079b7a5fd0 code [0x000002079b7a6180, 0x000002079b7a6a30]

GC Heap History (10 events):
Event: 77.479 GC heap before
{Heap before GC invocations=73 (full 7):
 PSYoungGen      total 1321984K, used 1305184K [0x000000076e000000, 0x00000007bff80000, 0x00000007c0000000)
  eden space 1305088K, 100% used [0x000000076e000000,0x00000007bda80000,0x00000007bda80000)
  from space 16896K, 0% used [0x00000007bda80000,0x00000007bda98000,0x00000007beb00000)
  to   space 15872K, 0% used [0x00000007bf000000,0x00000007bf000000,0x00000007bff80000)
 ParOldGen       total 625664K, used 548521K [0x00000006ca000000, 0x00000006f0300000, 0x000000076e000000)
  object space 625664K, 87% used [0x00000006ca000000,0x00000006eb7aa4a0,0x00000006f0300000)
 Metaspace       used 33889K, capacity 36154K, committed 36224K, reserved 1081344K
  class space    used 4294K, capacity 4706K, committed 4736K, reserved 1048576K
Event: 77.481 GC heap after
Heap after GC invocations=73 (full 7):
 PSYoungGen      total 1324032K, used 96K [0x000000076e000000, 0x00000007bfd00000, 0x00000007c0000000)
  eden space 1310720K, 0% used [0x000000076e000000,0x000000076e000000,0x00000007be000000)
  from space 13312K, 0% used [0x00000007bf000000,0x00000007bf018000,0x00000007bfd00000)
  to   space 14848K, 0% used [0x00000007be000000,0x00000007be000000,0x00000007bee80000)
 ParOldGen       total 625664K, used 548521K [0x00000006ca000000, 0x00000006f0300000, 0x000000076e000000)
  object space 625664K, 87% used [0x00000006ca000000,0x00000006eb7aa4a0,0x00000006f0300000)
 Metaspace       used 33889K, capacity 36154K, committed 36224K, reserved 1081344K
  class space    used 4294K, capacity 4706K, committed 4736K, reserved 1048576K
}
Event: 78.515 GC heap before
{Heap before GC invocations=74 (full 7):
 PSYoungGen      total 1324032K, used 1310816K [0x000000076e000000, 0x00000007bfd00000, 0x00000007c0000000)
  eden space 1310720K, 100% used [0x000000076e000000,0x00000007be000000,0x00000007be000000)
  from space 13312K, 0% used [0x00000007bf000000,0x00000007bf018000,0x00000007bfd00000)
  to   space 14848K, 0% used [0x00000007be000000,0x00000007be000000,0x00000007bee80000)
 ParOldGen       total 625664K, used 548521K [0x00000006ca000000, 0x00000006f0300000, 0x000000076e000000)
  object space 625664K, 87% used [0x00000006ca000000,0x00000006eb7aa4a0,0x00000006f0300000)
 Metaspace       used 33889K, capacity 36154K, committed 36224K, reserved 1081344K
  class space    used 4294K, capacity 4706K, committed 4736K, reserved 1048576K
Event: 78.517 GC heap after
Heap after GC invocations=74 (full 7):
 PSYoungGen      total 1325568K, used 96K [0x000000076e000000, 0x00000007bfe80000, 0x00000007c0000000)
  eden space 1310720K, 0% used [0x000000076e000000,0x000000076e000000,0x00000007be000000)
  from space 14848K, 0% used [0x00000007be000000,0x00000007be018000,0x00000007bee80000)
  to   space 13312K, 0% used [0x00000007bf180000,0x00000007bf180000,0x00000007bfe80000)
 ParOldGen       total 625664K, used 548521K [0x00000006ca000000, 0x00000006f0300000, 0x000000076e000000)
  object space 625664K, 87% used [0x00000006ca000000,0x00000006eb7aa4a0,0x00000006f0300000)
 Metaspace       used 33889K, capacity 36154K, committed 36224K, reserved 1081344K
  class space    used 4294K, capacity 4706K, committed 4736K, reserved 1048576K
}
Event: 79.789 GC heap before
{Heap before GC invocations=75 (full 7):
 PSYoungGen      total 1325568K, used 1310816K [0x000000076e000000, 0x00000007bfe80000, 0x00000007c0000000)
  eden space 1310720K, 100% used [0x000000076e000000,0x00000007be000000,0x00000007be000000)
  from space 14848K, 0% used [0x00000007be000000,0x00000007be018000,0x00000007bee80000)
  to   space 13312K, 0% used [0x00000007bf180000,0x00000007bf180000,0x00000007bfe80000)
 ParOldGen       total 625664K, used 548521K [0x00000006ca000000, 0x00000006f0300000, 0x000000076e000000)
  object space 625664K, 87% used [0x00000006ca000000,0x00000006eb7aa4a0,0x00000006f0300000)
 Metaspace       used 33889K, capacity 36154K, committed 36224K, reserved 1081344K
  class space    used 4294K, capacity 4706K, committed 4736K, reserved 1048576K
Event: 79.791 GC heap after
Heap after GC invocations=75 (full 7):
 PSYoungGen      total 1326592K, used 192K [0x000000076e000000, 0x00000007bfc80000, 0x00000007c0000000)
  eden space 1315328K, 0% used [0x000000076e000000,0x000000076e000000,0x00000007be480000)
  from space 11264K, 1% used [0x00000007bf180000,0x00000007bf1b0000,0x00000007bfc80000)
  to   space 12288K, 0% used [0x00000007be480000,0x00000007be480000,0x00000007bf080000)
 ParOldGen       total 625664K, used 548521K [0x00000006ca000000, 0x00000006f0300000, 0x000000076e000000)
  object space 625664K, 87% used [0x00000006ca000000,0x00000006eb7aa4a0,0x00000006f0300000)
 Metaspace       used 33889K, capacity 36154K, committed 36224K, reserved 1081344K
  class space    used 4294K, capacity 4706K, committed 4736K, reserved 1048576K
}
Event: 80.852 GC heap before
{Heap before GC invocations=76 (full 7):
 PSYoungGen      total 1326592K, used 1315520K [0x000000076e000000, 0x00000007bfc80000, 0x00000007c0000000)
  eden space 1315328K, 100% used [0x000000076e000000,0x00000007be480000,0x00000007be480000)
  from space 11264K, 1% used [0x00000007bf180000,0x00000007bf1b0000,0x00000007bfc80000)
  to   space 12288K, 0% used [0x00000007be480000,0x00000007be480000,0x00000007bf080000)
 ParOldGen       total 625664K, used 548521K [0x00000006ca000000, 0x00000006f0300000, 0x000000076e000000)
  object space 625664K, 87% used [0x00000006ca000000,0x00000006eb7aa4a0,0x00000006f0300000)
 Metaspace       used 33889K, capacity 36154K, committed 36224K, reserved 1081344K
  class space    used 4294K, capacity 4706K, committed 4736K, reserved 1048576K
Event: 80.854 GC heap after
Heap after GC invocations=76 (full 7):
 PSYoungGen      total 1327616K, used 64K [0x000000076e000000, 0x00000007c0000000, 0x00000007c0000000)
  eden space 1315328K, 0% used [0x000000076e000000,0x000000076e000000,0x00000007be480000)
  from space 12288K, 0% used [0x00000007be480000,0x00000007be490000,0x00000007bf080000)
  to   space 11776K, 0% used [0x00000007bf480000,0x00000007bf480000,0x00000007c0000000)
 ParOldGen       total 625664K, used 548529K [0x00000006ca000000, 0x00000006f0300000, 0x000000076e000000)
  object space 625664K, 87% used [0x00000006ca000000,0x00000006eb7ac4a0,0x00000006f0300000)
 Metaspace       used 33889K, capacity 36154K, committed 36224K, reserved 1081344K
  class space    used 4294K, capacity 4706K, committed 4736K, reserved 1048576K
}
Event: 81.893 GC heap before
{Heap before GC invocations=77 (full 7):
 PSYoungGen      total 1327616K, used 1315392K [0x000000076e000000, 0x00000007c0000000, 0x00000007c0000000)
  eden space 1315328K, 100% used [0x000000076e000000,0x00000007be480000,0x00000007be480000)
  from space 12288K, 0% used [0x00000007be480000,0x00000007be490000,0x00000007bf080000)
  to   space 11776K, 0% used [0x00000007bf480000,0x00000007bf480000,0x00000007c0000000)
 ParOldGen       total 625664K, used 548529K [0x00000006ca000000, 0x00000006f0300000, 0x000000076e000000)
  object space 625664K, 87% used [0x00000006ca000000,0x00000006eb7ac4a0,0x00000006f0300000)
 Metaspace       used 33889K, capacity 36154K, committed 36224K, reserved 1081344K
  class space    used 4294K, capacity 4706K, committed 4736K, reserved 1048576K
Event: 81.895 GC heap after
Heap after GC invocations=77 (full 7):
 PSYoungGen      total 1328640K, used 128K [0x000000076e000000, 0x00000007bfd80000, 0x00000007c0000000)
  eden space 1319424K, 0% used [0x000000076e000000,0x000000076e000000,0x00000007be880000)
  from space 9216K, 1% used [0x00000007bf480000,0x00000007bf4a0000,0x00000007bfd80000)
  to   space 10752K, 0% used [0x00000007be880000,0x00000007be880000,0x00000007bf300000)
 ParOldGen       total 625664K, used 548529K [0x00000006ca000000, 0x00000006f0300000, 0x000000076e000000)
  object space 625664K, 87% used [0x00000006ca000000,0x00000006eb7ac4a0,0x00000006f0300000)
 Metaspace       used 33889K, capacity 36154K, committed 36224K, reserved 1081344K
  class space    used 4294K, capacity 4706K, committed 4736K, reserved 1048576K
}

Deoptimization events (10 events):
Event: 43.700 Thread 0x00000207b6a04800 Uncommon trap: reason=unstable_if action=reinterpret pc=0x000002079be9bb88 method=service.DeduplicationServices.lambda$null$1(Ljava/util/concurrent/atomic/AtomicReference;Ljava/util/concurrent/atomic/AtomicReference;Ljava/util/concurrent/atomic/AtomicRefe
Event: 47.988 Thread 0x00000207b6a04800 Uncommon trap: reason=unstable_if action=reinterpret pc=0x000002079be1541c method=service.DeduplicationServices.getWeightFromTableRowValue(Ljava/lang/String;Ljava/util/ArrayList;)Ljava/lang/Double; @ 30
Event: 48.395 Thread 0x00000207b6a04800 Uncommon trap: reason=unstable_if action=reinterpret pc=0x000002079a6ed86c method=java.math.BigDecimal.longMultiplyPowerTen(JI)J @ 57
Event: 48.472 Thread 0x00000207b6a04800 Uncommon trap: reason=unstable_if action=reinterpret pc=0x000002079b7c2fc4 method=java.math.BigDecimal.layoutChars(Z)Ljava/lang/String; @ 226
Event: 48.522 Thread 0x00000207b6a04800 Uncommon trap: reason=unstable_if action=reinterpret pc=0x000002079b725f60 method=sun.misc.FloatingDecimal$ASCIIToBinaryBuffer.doubleValue()D @ 273
Event: 48.537 Thread 0x00000207b6a04800 Uncommon trap: reason=unstable_if action=reinterpret pc=0x000002079b484450 method=java.math.BigDecimal.longMultiplyPowerTen(JI)J @ 57
Event: 48.537 Thread 0x00000207b6a04800 Uncommon trap: reason=unstable_if action=reinterpret pc=0x000002079b08b4b0 method=java.math.BigDecimal.longMultiplyPowerTen(JI)J @ 57
Event: 57.515 Thread 0x00000207b6a04800 Uncommon trap: reason=unstable_if action=reinterpret pc=0x000002079b65a518 method=java.math.BigDecimal.createAndStripZerosToMatchScale(JIJ)Ljava/math/BigDecimal; @ 23
Event: 57.516 Thread 0x00000207b6a04800 Uncommon trap: reason=unstable_if action=reinterpret pc=0x000002079aa0adb0 method=java.math.BigDecimal.createAndStripZerosToMatchScale(JIJ)Ljava/math/BigDecimal; @ 23
Event: 82.386 Thread 0x00000207b5e18800 Uncommon trap: reason=bimorphic action=maybe_recompile pc=0x000002079a61446c method=java.util.Hashtable.get(Ljava/lang/Object;)Ljava/lang/Object; @ 6

Classes redefined (0 events):
No events

Internal exceptions (10 events):
Event: 43.995 Thread 0x00000207b6a04800 Exception <a 'java/lang/NullPointerException'> (0x00000007addf0e48) thrown at [C:\jenkins\workspace\8-2-build-windows-amd64-cygwin\jdk8u281\880\hotspot\src\share\vm\runtime\sharedRuntime.cpp, line 609]
Event: 43.996 Thread 0x00000207b6a04800 Implicit null exception at 0x000002079bebdbc4 to 0x000002079bec6f88
Event: 43.996 Thread 0x00000207b6a04800 Exception <a 'java/lang/NullPointerException'> (0x00000007addf4500) thrown at [C:\jenkins\workspace\8-2-build-windows-amd64-cygwin\jdk8u281\880\hotspot\src\share\vm\runtime\sharedRuntime.cpp, line 609]
Event: 43.996 Thread 0x00000207b6a04800 Implicit null exception at 0x000002079bebdbc4 to 0x000002079bec6f88
Event: 43.996 Thread 0x00000207b6a04800 Exception <a 'java/lang/NullPointerException'> (0x00000007addfa6c0) thrown at [C:\jenkins\workspace\8-2-build-windows-amd64-cygwin\jdk8u281\880\hotspot\src\share\vm\runtime\sharedRuntime.cpp, line 609]
Event: 43.996 Thread 0x00000207b6a04800 Implicit null exception at 0x000002079bebdbc4 to 0x000002079bec6f88
Event: 43.996 Thread 0x00000207b6a04800 Exception <a 'java/lang/NullPointerException'> (0x00000007ade03758) thrown at [C:\jenkins\workspace\8-2-build-windows-amd64-cygwin\jdk8u281\880\hotspot\src\share\vm\runtime\sharedRuntime.cpp, line 609]
Event: 43.996 Thread 0x00000207b6a04800 Implicit null exception at 0x000002079bebdbc4 to 0x000002079bec6f88
Event: 43.996 Thread 0x00000207b6a04800 Exception <a 'java/lang/NullPointerException'> (0x00000007ade09918) thrown at [C:\jenkins\workspace\8-2-build-windows-amd64-cygwin\jdk8u281\880\hotspot\src\share\vm\runtime\sharedRuntime.cpp, line 609]
Event: 82.388 Thread 0x00000207bc110800 Exception <a 'java/lang/IllegalStateException'> (0x000000079be78d58) thrown at [C:\jenkins\workspace\8-2-build-windows-amd64-cygwin\jdk8u281\880\hotspot\src\share\vm\prims\jvm.cpp, line 1516]

Events (10 events):
Event: 82.488 Thread 0x00000207b6a04800 DEOPT PACKING pc=0x000002079b28cfa8 sp=0x00000048583f8da0
Event: 82.488 Thread 0x00000207b6a04800 DEOPT UNPACKING pc=0x000002079a2e7498 sp=0x00000048583f8a28 mode 1
Event: 82.488 Thread 0x00000207bc113800 Thread exited: 0x00000207bc113800
Event: 82.489 Thread 0x00000207b6a04800 DEOPT PACKING pc=0x000002079bee7574 sp=0x00000048583f8e20
Event: 82.489 Thread 0x00000207b6a04800 DEOPT UNPACKING pc=0x000002079a2e7498 sp=0x00000048583f8a38 mode 1
Event: 82.489 Thread 0x00000207b6a04800 DEOPT PACKING pc=0x000002079bee7574 sp=0x00000048583f8e20
Event: 82.489 Thread 0x00000207b6a04800 DEOPT UNPACKING pc=0x000002079a2e7498 sp=0x00000048583f8a38 mode 1
Event: 82.489 Thread 0x00000207b6a04800 DEOPT PACKING pc=0x000002079bee7574 sp=0x00000048583f8e20
Event: 82.489 Thread 0x00000207b6a04800 DEOPT UNPACKING pc=0x000002079a2e7498 sp=0x00000048583f8a38 mode 1
Event: 82.489 Executing VM operation: Exit


Dynamic libraries:
0x00007ff6aade0000 - 0x00007ff6aae27000 	D:\ProgramFiles\Java\jdk1.8.0_281\bin\java.exe
0x00007ffc9bb70000 - 0x00007ffc9bd65000 	C:\Windows\SYSTEM32\ntdll.dll
0x00007ffc9ade0000 - 0x00007ffc9ae9d000 	C:\Windows\System32\KERNEL32.DLL
0x00007ffc99870000 - 0x00007ffc99b39000 	C:\Windows\System32\KERNELBASE.dll
0x00007ffc9a170000 - 0x00007ffc9a21c000 	C:\Windows\System32\ADVAPI32.dll
0x00007ffc9a0d0000 - 0x00007ffc9a16e000 	C:\Windows\System32\msvcrt.dll
0x00007ffc99fa0000 - 0x00007ffc9a03c000 	C:\Windows\System32\sechost.dll
0x00007ffc9b760000 - 0x00007ffc9b88b000 	C:\Windows\System32\RPCRT4.dll
0x00007ffc99bd0000 - 0x00007ffc99d70000 	C:\Windows\System32\USER32.dll
0x00007ffc996e0000 - 0x00007ffc99702000 	C:\Windows\System32\win32u.dll
0x00007ffc9b150000 - 0x00007ffc9b17a000 	C:\Windows\System32\GDI32.dll
0x00007ffc99710000 - 0x00007ffc9981b000 	C:\Windows\System32\gdi32full.dll
0x00007ffc993b0000 - 0x00007ffc9944d000 	C:\Windows\System32\msvcp_win.dll
0x00007ffc992b0000 - 0x00007ffc993b0000 	C:\Windows\System32\ucrtbase.dll
0x00007ffc82780000 - 0x00007ffc82a1a000 	C:\Windows\WinSxS\amd64_microsoft.windows.common-controls_6595b64144ccf1df_6.0.19041.844_none_ca00b6081b84eb1d\COMCTL32.dll
0x00007ffc9b2f0000 - 0x00007ffc9b320000 	C:\Windows\System32\IMM32.DLL
0x00007ffc81160000 - 0x00007ffc81175000 	D:\ProgramFiles\Java\jdk1.8.0_281\jre\bin\vcruntime140.dll
0x00007ffc67d10000 - 0x00007ffc67dab000 	D:\ProgramFiles\Java\jdk1.8.0_281\jre\bin\msvcp140.dll
0x000000006bb70000 - 0x000000006c3cf000 	D:\ProgramFiles\Java\jdk1.8.0_281\jre\bin\server\jvm.dll
0x00007ffc9b750000 - 0x00007ffc9b758000 	C:\Windows\System32\PSAPI.DLL
0x00007ffc8f4a0000 - 0x00007ffc8f4c7000 	C:\Windows\SYSTEM32\WINMM.dll
0x00007ffc830a0000 - 0x00007ffc830a9000 	C:\Windows\SYSTEM32\WSOCK32.dll
0x00007ffc8f4d0000 - 0x00007ffc8f4da000 	C:\Windows\SYSTEM32\VERSION.dll
0x00007ffc9b0e0000 - 0x00007ffc9b14b000 	C:\Windows\System32\WS2_32.dll
0x00007ffc97bc0000 - 0x00007ffc97bd2000 	C:\Windows\SYSTEM32\kernel.appcore.dll
0x00007ffc94000000 - 0x00007ffc94010000 	D:\ProgramFiles\Java\jdk1.8.0_281\jre\bin\verify.dll
0x00007ffc7a240000 - 0x00007ffc7a26b000 	D:\ProgramFiles\Java\jdk1.8.0_281\jre\bin\java.dll
0x00007ffc74f90000 - 0x00007ffc74fc6000 	D:\ProgramFiles\Java\jdk1.8.0_281\jre\bin\jdwp.dll
0x00007ffc84e60000 - 0x00007ffc84e69000 	D:\ProgramFiles\Java\jdk1.8.0_281\jre\bin\npt.dll
0x00007ffc75570000 - 0x00007ffc755a0000 	D:\ProgramFiles\Java\jdk1.8.0_281\jre\bin\instrument.dll
0x00007ffc80c00000 - 0x00007ffc80c18000 	D:\ProgramFiles\Java\jdk1.8.0_281\jre\bin\zip.dll
0x00007ffc9a220000 - 0x00007ffc9a962000 	C:\Windows\System32\SHELL32.dll
0x00007ffc96de0000 - 0x00007ffc97570000 	C:\Windows\SYSTEM32\windows.storage.dll
0x00007ffc9b320000 - 0x00007ffc9b675000 	C:\Windows\System32\combase.dll
0x00007ffc98cb0000 - 0x00007ffc98cdc000 	C:\Windows\SYSTEM32\Wldp.dll
0x00007ffc9b8f0000 - 0x00007ffc9b99e000 	C:\Windows\System32\SHCORE.dll
0x00007ffc9aea0000 - 0x00007ffc9aef5000 	C:\Windows\System32\shlwapi.dll
0x00007ffc991f0000 - 0x00007ffc9920f000 	C:\Windows\SYSTEM32\profapi.dll
0x00007ffc816f0000 - 0x00007ffc816fa000 	D:\ProgramFiles\Java\jdk1.8.0_281\jre\bin\dt_socket.dll
0x00007ffc98a30000 - 0x00007ffc98a9a000 	C:\Windows\system32\mswsock.dll
0x0000020798ab0000 - 0x0000020798ab3000 	D:\ProgramFiles\Java\jdk1.8.0_281\jre\bin\api-ms-win-core-console-l1-1-0.dll
0x0000020798ac0000 - 0x0000020798ac3000 	D:\ProgramFiles\Java\jdk1.8.0_281\jre\bin\api-ms-win-core-console-l1-2-0.dll
0x0000020798ad0000 - 0x0000020798ad3000 	D:\ProgramFiles\Java\jdk1.8.0_281\jre\bin\api-ms-win-core-datetime-l1-1-0.dll
0x0000020798ae0000 - 0x0000020798ae3000 	D:\ProgramFiles\Java\jdk1.8.0_281\jre\bin\api-ms-win-core-debug-l1-1-0.dll
0x00000207b6ae0000 - 0x00000207b6ae3000 	D:\ProgramFiles\Java\jdk1.8.0_281\jre\bin\api-ms-win-core-errorhandling-l1-1-0.dll
0x00000207b6af0000 - 0x00000207b6af4000 	D:\ProgramFiles\Java\jdk1.8.0_281\jre\bin\api-ms-win-core-file-l1-1-0.dll
0x00000207b6b00000 - 0x00000207b6b03000 	D:\ProgramFiles\Java\jdk1.8.0_281\jre\bin\api-ms-win-core-file-l1-2-0.dll
0x00000207b6b10000 - 0x00000207b6b13000 	D:\ProgramFiles\Java\jdk1.8.0_281\jre\bin\api-ms-win-core-file-l2-1-0.dll
0x00000207b6b20000 - 0x00000207b6b23000 	D:\ProgramFiles\Java\jdk1.8.0_281\jre\bin\api-ms-win-core-handle-l1-1-0.dll
0x00000207b6b30000 - 0x00000207b6b33000 	D:\ProgramFiles\Java\jdk1.8.0_281\jre\bin\api-ms-win-core-heap-l1-1-0.dll
0x00000207b6b40000 - 0x00000207b6b43000 	D:\ProgramFiles\Java\jdk1.8.0_281\jre\bin\api-ms-win-core-interlocked-l1-1-0.dll
0x00000207b6b50000 - 0x00000207b6b53000 	D:\ProgramFiles\Java\jdk1.8.0_281\jre\bin\api-ms-win-core-libraryloader-l1-1-0.dll
0x00000207b6b60000 - 0x00000207b6b63000 	D:\ProgramFiles\Java\jdk1.8.0_281\jre\bin\api-ms-win-core-localization-l1-2-0.dll
0x00000207b6b70000 - 0x00000207b6b73000 	D:\ProgramFiles\Java\jdk1.8.0_281\jre\bin\api-ms-win-core-memory-l1-1-0.dll
0x00000207b6b80000 - 0x00000207b6b83000 	D:\ProgramFiles\Java\jdk1.8.0_281\jre\bin\api-ms-win-core-namedpipe-l1-1-0.dll
0x00000207b6b90000 - 0x00000207b6b93000 	D:\ProgramFiles\Java\jdk1.8.0_281\jre\bin\api-ms-win-core-processenvironment-l1-1-0.dll
0x00000207b6ba0000 - 0x00000207b6ba3000 	D:\ProgramFiles\Java\jdk1.8.0_281\jre\bin\api-ms-win-core-processthreads-l1-1-0.dll
0x00000207b6bb0000 - 0x00000207b6bb3000 	D:\ProgramFiles\Java\jdk1.8.0_281\jre\bin\api-ms-win-core-processthreads-l1-1-1.dll
0x00000207b6bc0000 - 0x00000207b6bc3000 	D:\ProgramFiles\Java\jdk1.8.0_281\jre\bin\api-ms-win-core-profile-l1-1-0.dll
0x00000207b6bd0000 - 0x00000207b6bd3000 	D:\ProgramFiles\Java\jdk1.8.0_281\jre\bin\api-ms-win-core-rtlsupport-l1-1-0.dll
0x00000207b6be0000 - 0x00000207b6be3000 	D:\ProgramFiles\Java\jdk1.8.0_281\jre\bin\api-ms-win-core-string-l1-1-0.dll
0x00000207b6bf0000 - 0x00000207b6bf3000 	D:\ProgramFiles\Java\jdk1.8.0_281\jre\bin\api-ms-win-core-synch-l1-1-0.dll
0x00000207b6c00000 - 0x00000207b6c03000 	D:\ProgramFiles\Java\jdk1.8.0_281\jre\bin\api-ms-win-core-synch-l1-2-0.dll
0x00000207b6c10000 - 0x00000207b6c13000 	D:\ProgramFiles\Java\jdk1.8.0_281\jre\bin\api-ms-win-core-sysinfo-l1-1-0.dll
0x00000207b6c20000 - 0x00000207b6c23000 	D:\ProgramFiles\Java\jdk1.8.0_281\jre\bin\api-ms-win-core-timezone-l1-1-0.dll
0x00000207b6c30000 - 0x00000207b6c33000 	D:\ProgramFiles\Java\jdk1.8.0_281\jre\bin\api-ms-win-core-util-l1-1-0.dll
0x00000207b6c40000 - 0x00000207b6c43000 	D:\ProgramFiles\Java\jdk1.8.0_281\jre\bin\api-ms-win-crt-conio-l1-1-0.dll
0x00000207b6c50000 - 0x00000207b6c54000 	D:\ProgramFiles\Java\jdk1.8.0_281\jre\bin\api-ms-win-crt-convert-l1-1-0.dll
0x00000207b6c60000 - 0x00000207b6c63000 	D:\ProgramFiles\Java\jdk1.8.0_281\jre\bin\api-ms-win-crt-environment-l1-1-0.dll
0x00000207b6c70000 - 0x00000207b6c73000 	D:\ProgramFiles\Java\jdk1.8.0_281\jre\bin\api-ms-win-crt-filesystem-l1-1-0.dll
0x00000207b6c80000 - 0x00000207b6c83000 	D:\ProgramFiles\Java\jdk1.8.0_281\jre\bin\api-ms-win-crt-heap-l1-1-0.dll
0x00000207b6c90000 - 0x00000207b6c93000 	D:\ProgramFiles\Java\jdk1.8.0_281\jre\bin\api-ms-win-crt-locale-l1-1-0.dll
0x00000207b6ca0000 - 0x00000207b6ca5000 	D:\ProgramFiles\Java\jdk1.8.0_281\jre\bin\api-ms-win-crt-math-l1-1-0.dll
0x00000207b6cb0000 - 0x00000207b6cb5000 	D:\ProgramFiles\Java\jdk1.8.0_281\jre\bin\api-ms-win-crt-multibyte-l1-1-0.dll
0x00000207b6cc0000 - 0x00000207b6cd0000 	D:\ProgramFiles\Java\jdk1.8.0_281\jre\bin\api-ms-win-crt-private-l1-1-0.dll
0x00000207b6cd0000 - 0x00000207b6cd3000 	D:\ProgramFiles\Java\jdk1.8.0_281\jre\bin\api-ms-win-crt-process-l1-1-0.dll
0x00000207b6ce0000 - 0x00000207b6ce4000 	D:\ProgramFiles\Java\jdk1.8.0_281\jre\bin\api-ms-win-crt-runtime-l1-1-0.dll
0x00000207b6cf0000 - 0x00000207b6cf4000 	D:\ProgramFiles\Java\jdk1.8.0_281\jre\bin\api-ms-win-crt-stdio-l1-1-0.dll
0x00000207b6d00000 - 0x00000207b6d04000 	D:\ProgramFiles\Java\jdk1.8.0_281\jre\bin\api-ms-win-crt-string-l1-1-0.dll
0x00000207b6d10000 - 0x00000207b6d13000 	D:\ProgramFiles\Java\jdk1.8.0_281\jre\bin\api-ms-win-crt-time-l1-1-0.dll
0x00000207b6d20000 - 0x00000207b6d23000 	D:\ProgramFiles\Java\jdk1.8.0_281\jre\bin\api-ms-win-crt-utility-l1-1-0.dll
0x00007ffc5d670000 - 0x00007ffc5d76a000 	D:\ProgramFiles\Java\jdk1.8.0_281\jre\bin\ucrtbase.dll
0x00007ffc813d0000 - 0x00007ffc813dc000 	C:\Windows\System32\vcruntime140_1.dll
0x00007ffc74e80000 - 0x00007ffc74ea3000 	D:\ProgramFiles\Java\jdk1.8.0_281\jre\bin\prism_d3d.dll
0x00007ffc65290000 - 0x00007ffc6545f000 	C:\Windows\system32\d3d9.dll
0x00007ffc96910000 - 0x00007ffc9693f000 	C:\Windows\SYSTEM32\dwmapi.dll
0x00007ffc96740000 - 0x00007ffc967de000 	C:\Windows\system32\uxtheme.dll
0x00007ffc9b9a0000 - 0x00007ffc9baca000 	C:\Windows\System32\ole32.dll
0x00007ffc67cc0000 - 0x00007ffc67d05000 	D:\ProgramFiles\Java\jdk1.8.0_281\jre\bin\glass.dll
0x00007ffc9b180000 - 0x00007ffc9b25a000 	C:\Windows\System32\COMDLG32.dll
0x00007ffc9b680000 - 0x00007ffc9b74d000 	C:\Windows\System32\OLEAUT32.dll
0x00007ffc9afc0000 - 0x00007ffc9b0d5000 	C:\Windows\System32\MSCTF.dll
0x00007ffc65a30000 - 0x00007ffc65b2c000 	C:\ProgramData\A-Volute\A-Volute.Nahimic\Modules\Scheduled\x64\A-Volute.NahimicDevProps2.dll
0x00007ffc99660000 - 0x00007ffc996e0000 	C:\Windows\System32\bcryptPrimitives.dll
0x00007ffc8f5b0000 - 0x00007ffc8f5eb000 	C:\Windows\SYSTEM32\dxcore.dll
0x00007ffc99820000 - 0x00007ffc9986e000 	C:\Windows\System32\cfgmgr32.dll
0x00007ffc7d480000 - 0x00007ffc7d494000 	D:\ProgramFiles\Java\jdk1.8.0_281\jre\bin\javafx_font.dll
0x00007ffc7a680000 - 0x00007ffc7a8ff000 	C:\Windows\SYSTEM32\dwrite.dll
0x00007ffc9af10000 - 0x00007ffc9afb9000 	C:\Windows\System32\clbcatq.dll
0x00007ffc93200000 - 0x00007ffc933b4000 	C:\Windows\SYSTEM32\WindowsCodecs.dll
0x00007ffc99b40000 - 0x00007ffc99b67000 	C:\Windows\System32\bcrypt.dll
0x00007ffc7d090000 - 0x00007ffc7d0ce000 	C:\Windows\system32\dataexchange.dll
0x00007ffc95990000 - 0x00007ffc95b77000 	C:\Windows\system32\dcomp.dll
0x00007ffc94d00000 - 0x00007ffc94f64000 	C:\Windows\system32\d3d11.dll
0x00007ffc97c00000 - 0x00007ffc97cf3000 	C:\Windows\system32\dxgi.dll
0x00007ffc93650000 - 0x00007ffc93851000 	C:\Windows\system32\twinapi.appcore.dll
0x00007ffc67c80000 - 0x00007ffc67cb4000 	C:\Program Files\Common Files\Microsoft Shared\Ink\rtscom.dll
0x00007ffc7beb0000 - 0x00007ffc7bfab000 	C:\Windows\SYSTEM32\textinputframework.dll
0x00007ffc96260000 - 0x00007ffc96352000 	C:\Windows\System32\CoreMessaging.dll
0x00007ffc95b80000 - 0x00007ffc95ede000 	C:\Windows\System32\CoreUIComponents.dll
0x00007ffc94ba0000 - 0x00007ffc94cf4000 	C:\Windows\SYSTEM32\wintypes.dll
0x00007ffc98000000 - 0x00007ffc98033000 	C:\Windows\SYSTEM32\ntmarta.dll
0x00007ffc81700000 - 0x00007ffc81766000 	C:\Windows\system32\Oleacc.dll
0x00007ffc7cf80000 - 0x00007ffc7cf92000 	D:\ProgramFiles\Java\jdk1.8.0_281\jre\bin\prism_common.dll
0x00007ffc7ebb0000 - 0x00007ffc7ebcc000 	D:\ProgramFiles\Java\jdk1.8.0_281\jre\bin\net.dll
0x00007ffc98760000 - 0x00007ffc9882b000 	C:\Windows\SYSTEM32\DNSAPI.dll
0x00007ffc98720000 - 0x00007ffc9875b000 	C:\Windows\SYSTEM32\IPHLPAPI.DLL
0x00007ffc9b260000 - 0x00007ffc9b268000 	C:\Windows\System32\NSI.dll
0x00007ffc8d480000 - 0x00007ffc8d48a000 	C:\Windows\System32\rasadhlp.dll
0x00007ffc8de40000 - 0x00007ffc8debf000 	C:\Windows\System32\fwpuclnt.dll
0x00007ffc7f000000 - 0x00007ffc7f00d000 	D:\ProgramFiles\Java\jdk1.8.0_281\jre\bin\management.dll
0x00007ffc98c00000 - 0x00007ffc98c18000 	C:\Windows\SYSTEM32\CRYPTSP.dll
0x00007ffc98370000 - 0x00007ffc983a4000 	C:\Windows\system32\rsaenh.dll
0x00007ffc991b0000 - 0x00007ffc991de000 	C:\Windows\SYSTEM32\USERENV.dll
0x00007ffc98c20000 - 0x00007ffc98c2c000 	C:\Windows\SYSTEM32\CRYPTBASE.dll
0x00007ffc90710000 - 0x00007ffc90727000 	C:\Windows\SYSTEM32\dhcpcsvc6.DLL
0x00007ffc91d10000 - 0x00007ffc91d2d000 	C:\Windows\SYSTEM32\dhcpcsvc.DLL
0x00007ffc7dd40000 - 0x00007ffc7dd53000 	D:\ProgramFiles\Java\jdk1.8.0_281\jre\bin\nio.dll

VM Arguments:
jvm_args: -agentlib:jdwp=transport=dt_socket,address=127.0.0.1:59154,suspend=y,server=n -Dprism.forceGPU=true -Dprism.maxTextureSize=2048 -Dprism.maxvram=4G -Dprism.targetvram=500m -javaagent:C:\Users\yacay\AppData\Local\JetBrains\IdeaIC2020.3\captureAgent\debugger-agent.jar -Dfile.encoding=UTF-8 
java_command: application.Main
java_class_path (initial): D:\Neonec\IDE_Workspace\NTCW\bin;D:\ProgramFiles\Java\jdk1.8.0_281\jre\lib\charsets.jar;D:\ProgramFiles\Java\jdk1.8.0_281\jre\lib\deploy.jar;D:\ProgramFiles\Java\jdk1.8.0_281\jre\lib\ext\access-bridge-64.jar;D:\ProgramFiles\Java\jdk1.8.0_281\jre\lib\ext\cldrdata.jar;D:\ProgramFiles\Java\jdk1.8.0_281\jre\lib\ext\dnsns.jar;D:\ProgramFiles\Java\jdk1.8.0_281\jre\lib\ext\jaccess.jar;D:\ProgramFiles\Java\jdk1.8.0_281\jre\lib\ext\jfxrt.jar;D:\ProgramFiles\Java\jdk1.8.0_281\jre\lib\ext\localedata.jar;D:\ProgramFiles\Java\jdk1.8.0_281\jre\lib\ext\nashorn.jar;D:\ProgramFiles\Java\jdk1.8.0_281\jre\lib\ext\sunec.jar;D:\ProgramFiles\Java\jdk1.8.0_281\jre\lib\ext\sunjce_provider.jar;D:\ProgramFiles\Java\jdk1.8.0_281\jre\lib\ext\sunmscapi.jar;D:\ProgramFiles\Java\jdk1.8.0_281\jre\lib\ext\sunpkcs11.jar;D:\ProgramFiles\Java\jdk1.8.0_281\jre\lib\ext\zipfs.jar;D:\ProgramFiles\Java\jdk1.8.0_281\jre\lib\javaws.jar;D:\ProgramFiles\Java\jdk1.8.0_281\jre\lib\jce.jar;D:\ProgramFiles\Java\jdk1.8.0_281\jre\lib\jfr.jar;D:\ProgramFiles\Java\jdk1.8.0_281\jre\lib\jfxswt.jar;D:\ProgramFiles\Java\jdk1.8.0_281\jre\lib\jsse.jar;D:\ProgramFiles\Java\jdk1.8.0_281\jre\lib\management-agent.jar;D:\ProgramFiles\Java\jdk1.8.0_281\jre\lib\plugin.jar;D:\ProgramFiles\Java\jdk1.8.0_281\jre\lib\resources.jar;D:\ProgramFiles\Java\jdk1.8.0_281\jre\lib\rt.jar;D:\Neonec\IDE_Workspace\NTCW\lib\annotations-19.0.0.jar;D:\Neonec\IDE_Workspace\NTCW\lib\bcprov-jdk15on-1.52.0.jar;D:\Neonec\IDE_Workspace\NTCW\lib\charm-glisten-4.4.1.jar;D:\Neonec\IDE_Workspace\NTCW\lib\commons-codec-1.10.jar;D:\Neonec\IDE_Workspace\NTCW\lib\commons-collections4-4.2.jar;D:\Neonec\IDE_Workspace\NTCW\lib\commons-compress-1.18.jar;D:\Neonec\IDE_Workspace\NTCW\lib\commons-lang3-3.11.jar;D:\Neonec\IDE_Workspace\NTCW\lib\converter-gson-2.0.2.jar;D:\Neonec\IDE_Workspace\NTCW\lib\converter-scalars-2.0.2.jar;D:\Neonec\IDE_Workspace\NTCW\lib\curvesapi-1.04.jar;D:\Neonec\IDE_Workspace\NTCW\lib\fxsampler-1.0.11.jar;D:\Neonec
Launcher Type: SUN_STANDARD

Environment Variables:
JAVA_HOME=D:\ProgramFiles\Java\jdk-15.0.2
PATH=C:\Windows\system32;C:\Windows;C:\Windows\System32\Wbem;C:\Windows\System32\WindowsPowerShell\v1.0\;C:\Windows\System32\OpenSSH\;C:\Program Files\Git\cmd;D:\ProgramFiles\Java\jdk-15.0.2\bin;C:\Program Files (x86)\Common Files\Oracle\Java\javapath;C:\Users\yacay\AppData\Local\Microsoft\WindowsApps;
USERNAME=yacay
OS=Windows_NT
PROCESSOR_IDENTIFIER=AMD64 Family 23 Model 96 Stepping 1, AuthenticAMD



---------------  S Y S T E M  ---------------

OS: Windows 10.0 , 64 bit Build 19041 (10.0.19041.804)

CPU:total 16 (initial active 16) (16 cores per cpu, 1 threads per core) family 23 model 96 stepping 1, cmov, cx8, fxsr, mmx, sse, sse2, sse3, ssse3, sse4.1, sse4.2, popcnt, avx, avx2, aes, clmul, mmxext, 3dnowpref, lzcnt, sse4a, tsc, tscinvbit, tscinv, bmi1

Memory: 4k page, physical 16119108k(5551444k free), swap 21857620k(2771480k free)

vm_info: Java HotSpot(TM) 64-Bit Server VM (25.281-b09) for windows-amd64 JRE (1.8.0_281-b09), built on Dec  9 2020 13:54:07 by "" with MS VC++ 15.9 (VS2017)

time: Thu Apr  1 15:47:15 2021
timezone: Romance Summer Time
elapsed time: 83.089894 seconds (0d 0h 1m 23s)

