#
# A fatal error has been detected by the Java Runtime Environment:
#
#  EXCEPTION_ACCESS_VIOLATION (0xc0000005) at pc=0x00000000534033c4, pid=17488, tid=0x0000000000003fa8
#
# JRE version: Java(TM) SE Runtime Environment (8.0_191-b12) (build 1.8.0_191-b12)
# Java VM: Java HotSpot(TM) 64-Bit Server VM (25.191-b12 mixed mode windows-amd64 compressed oops)
# Problematic frame:
# C  0x00000000534033c4
#
# Failed to write core dump. Minidumps are not enabled by default on client versions of Windows
#
# If you would like to submit a bug report, please visit:
#   http://bugreport.java.com/bugreport/crash.jsp
# The crash happened outside the Java Virtual Machine in native code.
# See problematic frame for where to report the bug.
#

---------------  T H R E A D  ---------------

Current thread (0x000000001f4f8800):  JavaThread "JavaFX Application Thread" [_thread_in_native, id=16296, stack(0x0000000020080000,0x0000000020180000)]

siginfo: ExceptionCode=0xc0000005, reading address 0x00000000000000a8

Registers:
RAX=0x0000000000000000, RBX=0x000000004fa5b1d0, RCX=0x000000004fa5b1d0, RDX=0x000000004fa5b4a8
RSP=0x000000002017b7c0, RBP=0x000000002017b8f0, RSI=0x000000004fa5b1d0, RDI=0x000000004fa5b4a8
R8 =0x0000000000010002, R9 =0x000000001f5078b0, R10=0x000000004a3caff8, R11=0x000000002017b500
R12=0x0000000000000000, R13=0x0000000000000001, R14=0x0000000000000000, R15=0x0000000052233618
RIP=0x00000000534033c4, EFLAGS=0x0000000000010206

Top of Stack: (sp=0x000000002017b7c0)
0x000000002017b7c0:   00000000513e7920 0000000000000001
0x000000002017b7d0:   00000000513e7920 0000000000000000
0x000000002017b7e0:   00000000513e7920 0000000053402987
0x000000002017b7f0:   00000000513e9400 000000004fa5b1d0
0x000000002017b800:   00000000513e7920 0000000000000000
0x000000002017b810:   0000000000000000 0000000000000028
0x000000002017b820:   0000000000000280 000000002017b8e9
0x000000002017b830:   0000000000930000 00007ff9d037b997
0x000000002017b840:   0000000000550000 0000000000000000
0x000000002017b850:   0000000000000270 0000000000000000
0x000000002017b860:   0000000000000000 000000002017b9d0
0x000000002017b870:   00000000513e9480 0000000000000000
0x000000002017b880:   0000000052177900 000000002017b9f8
0x000000002017b890:   00000000513e9518 0000000000000000
0x000000002017b8a0:   0000000052233618 00007ff9ce142596
0x000000002017b8b0:   0000000000000002 0000000000000080 

Instructions: (pc=0x00000000534033c4)
0x00000000534033a4:   cc cc cc cc cc cc cc cc cc cc cc cc 48 89 5c 24
0x00000000534033b4:   08 57 48 83 ec 20 48 8b 41 18 48 8b d9 48 8b fa
0x00000000534033c4:   48 8b 88 a8 00 00 00 48 83 c1 50 e8 3c 82 d3 ff
0x00000000534033d4:   48 8b d7 48 8b c8 e8 61 7b dc ff 84 c0 74 0d b0 


Register to memory mapping:

RAX=0x0000000000000000 is an unknown value
RBX=0x000000004fa5b1d0 is an unknown value
RCX=0x000000004fa5b1d0 is an unknown value
RDX=0x000000004fa5b4a8 is an unknown value
RSP=0x000000002017b7c0 is pointing into the stack for thread: 0x000000001f4f8800
RBP=0x000000002017b8f0 is pointing into the stack for thread: 0x000000001f4f8800
RSI=0x000000004fa5b1d0 is an unknown value
RDI=0x000000004fa5b4a8 is an unknown value
R8 =0x0000000000010002 is an unknown value
R9 =0x000000001f5078b0 is an unknown value
R10={method} {0x000000004a3cb000} 'fwkFireLoadEvent' '(JILjava/lang/String;Ljava/lang/String;DI)V' in 'com/sun/webkit/WebPage'
R11=0x000000002017b500 is pointing into the stack for thread: 0x000000001f4f8800
R12=0x0000000000000000 is an unknown value
R13=0x0000000000000001 is an unknown value
R14=0x0000000000000000 is an unknown value
R15=0x0000000052233618 is an unknown value


Stack: [0x0000000020080000,0x0000000020180000],  sp=0x000000002017b7c0,  free space=1005k
Native frames: (J=compiled Java code, j=interpreted, Vv=VM code, C=native code)
C  0x00000000534033c4
C  0x0000000053402987
C  0x0000000053412261
C  0x00000000535f71bd
C  0x00000000535f7f95
C  0x00000000535f7161
C  0x00000000531564ba
C  0x00000000531d1a0e
C  0x00000000528e30e2
C  0x00000000531ccd6f
C  0x00000000531cce71
C  0x000000005314eb27
C  0x00000000535f8026
C  0x00000000535f4d37
C  0x000000005340c9d5
C  0x0000000053402fb2
C  0x00000000537c35a3
C  0x00000000537c3ce5
C  0x0000000002a78c67

Java frames: (J=compiled Java code, j=interpreted, Vv=VM code)
j  com.sun.webkit.network.URLLoader.twkWillSendRequest(Ljava/lang/String;Ljava/lang/String;ILjava/lang/String;Ljava/lang/String;JLjava/lang/String;Ljava/lang/String;J)Z+0
j  com.sun.webkit.network.URLLoader.notifyWillSendRequest(Ljava/lang/String;Ljava/lang/String;ILjava/lang/String;Ljava/lang/String;JLjava/lang/String;Ljava/lang/String;)Z+107
j  com.sun.webkit.network.URLLoader.lambda$willSendRequest$101(Ljava/lang/String;Ljava/lang/String;ILjava/lang/String;Ljava/lang/String;JLjava/lang/String;Ljava/lang/String;Ljava/util/concurrent/CountDownLatch;)V+21
j  com.sun.webkit.network.URLLoader$$Lambda$569.run()V+40
J 6431 C1 com.sun.javafx.application.PlatformImpl$$Lambda$49.run()Ljava/lang/Object; (8 bytes) @ 0x000000000305324c [0x0000000003053100+0x14c]
v  ~StubRoutines::call_stub
J 1584  java.security.AccessController.doPrivileged(Ljava/security/PrivilegedAction;Ljava/security/AccessControlContext;)Ljava/lang/Object; (0 bytes) @ 0x0000000002fb3fe6 [0x0000000002fb3f80+0x66]
J 6057 C1 com.sun.javafx.application.PlatformImpl.lambda$runLater$173(Ljava/lang/Runnable;Ljava/security/AccessControlContext;)V (38 bytes) @ 0x0000000003b92cdc [0x0000000003b928c0+0x41c]
J 6056 C1 com.sun.javafx.application.PlatformImpl$$Lambda$48.run()V (12 bytes) @ 0x0000000003b9370c [0x0000000003b93680+0x8c]
J 1794 C1 com.sun.glass.ui.InvokeLaterDispatcher$Future.run()V (91 bytes) @ 0x0000000003018814 [0x0000000003018700+0x114]
v  ~StubRoutines::call_stub
j  com.sun.glass.ui.win.WinApplication._runLoop(Ljava/lang/Runnable;)V+0
j  com.sun.glass.ui.win.WinApplication.lambda$null$147(ILjava/lang/Runnable;)V+8
j  com.sun.glass.ui.win.WinApplication$$Lambda$37.run()V+12
j  java.lang.Thread.run()V+11
v  ~StubRoutines::call_stub

---------------  P R O C E S S  ---------------

Java Threads: ( => current thread )
  0x000000001f77e800 JavaThread "URL-Loader-20" daemon [_thread_blocked, id=14736, stack(0x0000000052520000,0x0000000052620000)]
  0x000000001f783800 JavaThread "URL-Loader-19" daemon [_thread_blocked, id=5788, stack(0x0000000052420000,0x0000000052520000)]
  0x000000001f785000 JavaThread "URL-Loader-18" daemon [_thread_blocked, id=17256, stack(0x0000000052320000,0x0000000052420000)]
  0x0000000027b6e800 JavaThread "URL-Loader-17" daemon [_thread_blocked, id=17676, stack(0x0000000051250000,0x0000000051350000)]
  0x0000000027b26800 JavaThread "URL-Loader-16" daemon [_thread_blocked, id=7728, stack(0x0000000051150000,0x0000000051250000)]
  0x0000000027b22800 JavaThread "URL-Loader-15" daemon [_thread_blocked, id=19276, stack(0x0000000050080000,0x0000000050180000)]
  0x0000000027b23800 JavaThread "URL-Loader-14" daemon [_thread_blocked, id=18980, stack(0x000000004ff80000,0x0000000050080000)]
  0x0000000027b22000 JavaThread "URL-Loader-11" daemon [_thread_blocked, id=10112, stack(0x000000004eab0000,0x000000004ebb0000)]
  0x0000000027b24000 JavaThread "URL-Loader-10" daemon [_thread_blocked, id=18112, stack(0x000000004e9b0000,0x000000004eab0000)]
  0x0000000027b27000 JavaThread "URL-Loader-9" daemon [_thread_blocked, id=13224, stack(0x000000004e8b0000,0x000000004e9b0000)]
  0x0000000027b1a800 JavaThread "URL-Loader-8" daemon [_thread_blocked, id=14256, stack(0x000000004e7b0000,0x000000004e8b0000)]
  0x0000000027b21000 JavaThread "URL-Loader-7" daemon [_thread_blocked, id=19128, stack(0x000000004d6e0000,0x000000004d7e0000)]
  0x0000000027b19800 JavaThread "URL-Loader-6" daemon [_thread_blocked, id=5740, stack(0x000000004d5e0000,0x000000004d6e0000)]
  0x0000000027b20800 JavaThread "URL-Loader-5" daemon [_thread_blocked, id=17880, stack(0x000000004d4e0000,0x000000004d5e0000)]
  0x0000000027b1f800 JavaThread "Thread-10" daemon [_thread_in_native, id=17188, stack(0x000000004d3e0000,0x000000004d4e0000)]
  0x0000000027b18000 JavaThread "URL-Loader-4" daemon [_thread_blocked, id=17788, stack(0x000000004d2e0000,0x000000004d3e0000)]
  0x0000000027b1b000 JavaThread "URL-Loader-3" daemon [_thread_blocked, id=2388, stack(0x00000000490b0000,0x00000000491b0000)]
  0x0000000027b1e000 JavaThread "ImgDwnld" daemon [_thread_in_Java, id=6124, stack(0x000000004c3e0000,0x000000004c4e0000)]
  0x0000000027b1d800 JavaThread "URL-Loader-1" daemon [_thread_blocked, id=17604, stack(0x000000004a550000,0x000000004a650000)]
  0x0000000027b1c800 JavaThread "Disposer" daemon [_thread_blocked, id=9496, stack(0x000000004b8e0000,0x000000004b9e0000)]
  0x0000000027b6f000 JavaThread "Keep-Alive-Timer" daemon [_thread_blocked, id=7620, stack(0x00000000485a0000,0x00000000486a0000)]
  0x0000000027b71800 JavaThread "ForkJoinPool.commonPool-worker-3" daemon [_thread_blocked, id=17572, stack(0x0000000048ca0000,0x0000000048da0000)]
  0x0000000027b73800 JavaThread "ForkJoinPool.commonPool-worker-2" daemon [_thread_blocked, id=6184, stack(0x0000000048ba0000,0x0000000048ca0000)]
  0x0000000027b70800 JavaThread "ForkJoinPool.commonPool-worker-1" daemon [_thread_blocked, id=8092, stack(0x00000000489a0000,0x0000000048aa0000)]
  0x0000000027b70000 JavaThread "AWT-Windows" daemon [_thread_in_native, id=3056, stack(0x00000000486a0000,0x00000000487a0000)]
  0x0000000027b6d000 JavaThread "Java2D Disposer" daemon [_thread_blocked, id=14676, stack(0x00000000484a0000,0x00000000485a0000)]
  0x000000001f71a800 JavaThread "Prism Font Disposer" daemon [_thread_blocked, id=16776, stack(0x0000000029d40000,0x0000000029e40000)]
  0x000000001f59a800 JavaThread "Thread-3" daemon [_thread_in_native, id=18520, stack(0x0000000026c60000,0x0000000026d60000)]
  0x000000001f58e800 JavaThread "JavaFX-Launcher" [_thread_blocked, id=4504, stack(0x0000000026e60000,0x0000000026f60000)]
=>0x000000001f4f8800 JavaThread "JavaFX Application Thread" [_thread_in_native, id=16296, stack(0x0000000020080000,0x0000000020180000)]
  0x000000001f4f7000 JavaThread "Thread-1" daemon [_thread_blocked, id=9692, stack(0x000000001ff80000,0x0000000020080000)]
  0x000000001f4ce800 JavaThread "QuantumRenderer-0" daemon [_thread_blocked, id=11120, stack(0x000000001fc70000,0x000000001fd70000)]
  0x000000001e5a3800 JavaThread "Service Thread" daemon [_thread_blocked, id=9704, stack(0x000000001f050000,0x000000001f150000)]
  0x000000001e540800 JavaThread "C1 CompilerThread3" daemon [_thread_blocked, id=17228, stack(0x000000001ef50000,0x000000001f050000)]
  0x000000001e4f8000 JavaThread "C2 CompilerThread2" daemon [_thread_blocked, id=7068, stack(0x000000001ee50000,0x000000001ef50000)]
  0x000000001e4f1800 JavaThread "C2 CompilerThread1" daemon [_thread_blocked, id=16388, stack(0x000000001ed50000,0x000000001ee50000)]
  0x000000001e4f7000 JavaThread "C2 CompilerThread0" daemon [_thread_blocked, id=16072, stack(0x000000001ec50000,0x000000001ed50000)]
  0x000000001e4f5800 JavaThread "Monitor Ctrl-Break" daemon [_thread_in_native, id=16656, stack(0x000000001eb50000,0x000000001ec50000)]
  0x000000001e28a800 JavaThread "Attach Listener" daemon [_thread_blocked, id=18120, stack(0x000000001ea50000,0x000000001eb50000)]
  0x000000001e289800 JavaThread "Signal Dispatcher" daemon [_thread_blocked, id=18076, stack(0x000000001e950000,0x000000001ea50000)]
  0x000000001e271000 JavaThread "Finalizer" daemon [_thread_blocked, id=8248, stack(0x000000001e750000,0x000000001e850000)]
  0x000000001e270800 JavaThread "Reference Handler" daemon [_thread_blocked, id=1796, stack(0x000000001e650000,0x000000001e750000)]
  0x0000000002963800 JavaThread "main" [_thread_blocked, id=6032, stack(0x0000000002670000,0x0000000002770000)]

Other Threads:
  0x000000001c489000 VMThread [stack: 0x000000001e150000,0x000000001e250000] [id=12716]
  0x000000001e626800 WatcherThread [stack: 0x000000001f150000,0x000000001f250000] [id=3816]

VM state:not at safepoint (normal execution)

VM Mutex/Monitor currently owned by a thread: None

Heap:
 PSYoungGen      total 425472K, used 271171K [0x000000076b380000, 0x000000078c580000, 0x00000007c0000000)
  eden space 363520K, 65% used [0x000000076b380000,0x0000000779c34d38,0x0000000781680000)
  from space 61952K, 53% used [0x0000000785300000,0x000000078731c0d8,0x0000000788f80000)
  to   space 61952K, 0% used [0x0000000781680000,0x0000000781680000,0x0000000785300000)
 ParOldGen       total 330752K, used 209603K [0x00000006c1a00000, 0x00000006d5d00000, 0x000000076b380000)
  object space 330752K, 63% used [0x00000006c1a00000,0x00000006ce6b0e50,0x00000006d5d00000)
 Metaspace       used 35879K, capacity 38086K, committed 38400K, reserved 1083392K
  class space    used 4620K, capacity 5038K, committed 5120K, reserved 1048576K

Card table byte_map: [0x0000000011e20000,0x0000000012620000] byte_map_base: 0x000000000e813000

Marking Bits: (ParMarkBitMap*) 0x0000000056943e30
 Begin Bits: [0x0000000013370000, 0x0000000017308000)
 End Bits:   [0x0000000017308000, 0x000000001b2a0000)

Polling page: 0x00000000005f0000

CodeCache: size=245760Kb used=21205Kb max_used=21217Kb free=224554Kb
 bounds [0x0000000002a60000, 0x0000000003f40000, 0x0000000011a60000]
 total_blobs=7501 nmethods=6602 adapters=810
 compilation: enabled

Compilation events (10 events):
Event: 32.852 Thread 0x000000001e540800 7776 %     3       java.util.Base64$Encoder::encode0 @ 96 (476 bytes)
Event: 32.854 Thread 0x000000001e540800 nmethod 7776% 0x0000000003188690 code [0x00000000031888a0, 0x0000000003189710]
Event: 32.854 Thread 0x000000001e540800 7777       3       java.util.Base64$Encoder::encode0 (476 bytes)
Event: 32.855 Thread 0x000000001e540800 nmethod 7777 0x000000000346a910 code [0x000000000346ab00, 0x000000000346b610]
Event: 32.855 Thread 0x000000001e4f7000 7778 %     4       java.util.Base64$Encoder::encode0 @ 96 (476 bytes)
Event: 32.862 Thread 0x000000001e4f7000 nmethod 7778% 0x0000000003187890 code [0x00000000031879e0, 0x0000000003188278]
Event: 32.872 Thread 0x000000001e4f8000 7779       4       java.lang.String::<init> (100 bytes)
Event: 32.876 Thread 0x000000001e4f8000 nmethod 7779 0x0000000003c11610 code [0x0000000003c11760, 0x0000000003c11a78]
Event: 32.876 Thread 0x000000001e4f1800 7780 %     4       java.lang.String::<init> @ 25 (100 bytes)
Event: 32.880 Thread 0x000000001e4f1800 nmethod 7780% 0x0000000003a79810 code [0x0000000003a79960, 0x0000000003a79c58]

GC Heap History (10 events):
Event: 16.584 GC heap before
{Heap before GC invocations=15 (full 4):
 PSYoungGen      total 203264K, used 157603K [0x000000076b380000, 0x000000077ae80000, 0x00000007c0000000)
  eden space 149504K, 100% used [0x000000076b380000,0x0000000774580000,0x0000000774580000)
  from space 53760K, 15% used [0x0000000777a00000,0x00000007781e8c28,0x000000077ae80000)
  to   space 53760K, 0% used [0x0000000774580000,0x0000000774580000,0x0000000777a00000)
 ParOldGen       total 232960K, used 168230K [0x00000006c1a00000, 0x00000006cfd80000, 0x000000076b380000)
  object space 232960K, 72% used [0x00000006c1a00000,0x00000006cbe49b20,0x00000006cfd80000)
 Metaspace       used 34830K, capacity 36938K, committed 36992K, reserved 1081344K
  class space    used 4564K, capacity 4952K, committed 4992K, reserved 1048576K
Event: 16.592 GC heap after
Heap after GC invocations=15 (full 4):
 PSYoungGen      total 203264K, used 16049K [0x000000076b380000, 0x0000000783400000, 0x00000007c0000000)
  eden space 149504K, 0% used [0x000000076b380000,0x000000076b380000,0x0000000774580000)
  from space 53760K, 29% used [0x0000000774580000,0x000000077552c5b8,0x0000000777a00000)
  to   space 50176K, 0% used [0x0000000780300000,0x0000000780300000,0x0000000783400000)
 ParOldGen       total 232960K, used 168374K [0x00000006c1a00000, 0x00000006cfd80000, 0x000000076b380000)
  object space 232960K, 72% used [0x00000006c1a00000,0x00000006cbe6db30,0x00000006cfd80000)
 Metaspace       used 34830K, capacity 36938K, committed 36992K, reserved 1081344K
  class space    used 4564K, capacity 4952K, committed 4992K, reserved 1048576K
}
Event: 19.029 GC heap before
{Heap before GC invocations=16 (full 4):
 PSYoungGen      total 203264K, used 164534K [0x000000076b380000, 0x0000000783400000, 0x00000007c0000000)
  eden space 149504K, 99% used [0x000000076b380000,0x0000000774481620,0x0000000774580000)
  from space 53760K, 29% used [0x0000000774580000,0x000000077552c5b8,0x0000000777a00000)
  to   space 50176K, 0% used [0x0000000780300000,0x0000000780300000,0x0000000783400000)
 ParOldGen       total 232960K, used 168374K [0x00000006c1a00000, 0x00000006cfd80000, 0x000000076b380000)
  object space 232960K, 72% used [0x00000006c1a00000,0x00000006cbe6db30,0x00000006cfd80000)
 Metaspace       used 35253K, capacity 37428K, committed 37632K, reserved 1081344K
  class space    used 4599K, capacity 4995K, committed 5120K, reserved 1048576K
Event: 19.045 GC heap after
Heap after GC invocations=16 (full 4):
 PSYoungGen      total 279040K, used 43935K [0x000000076b380000, 0x0000000782e00000, 0x00000007c0000000)
  eden space 235008K, 0% used [0x000000076b380000,0x000000076b380000,0x0000000779900000)
  from space 44032K, 99% used [0x0000000780300000,0x0000000782de7ca8,0x0000000782e00000)
  to   space 56832K, 0% used [0x000000077bf00000,0x000000077bf00000,0x000000077f680000)
 ParOldGen       total 232960K, used 191130K [0x00000006c1a00000, 0x00000006cfd80000, 0x000000076b380000)
  object space 232960K, 82% used [0x00000006c1a00000,0x00000006cd4a6be0,0x00000006cfd80000)
 Metaspace       used 35253K, capacity 37428K, committed 37632K, reserved 1081344K
  class space    used 4599K, capacity 4995K, committed 5120K, reserved 1048576K
}
Event: 19.045 GC heap before
{Heap before GC invocations=17 (full 5):
 PSYoungGen      total 279040K, used 43935K [0x000000076b380000, 0x0000000782e00000, 0x00000007c0000000)
  eden space 235008K, 0% used [0x000000076b380000,0x000000076b380000,0x0000000779900000)
  from space 44032K, 99% used [0x0000000780300000,0x0000000782de7ca8,0x0000000782e00000)
  to   space 56832K, 0% used [0x000000077bf00000,0x000000077bf00000,0x000000077f680000)
 ParOldGen       total 232960K, used 191130K [0x00000006c1a00000, 0x00000006cfd80000, 0x000000076b380000)
  object space 232960K, 82% used [0x00000006c1a00000,0x00000006cd4a6be0,0x00000006cfd80000)
 Metaspace       used 35253K, capacity 37428K, committed 37632K, reserved 1081344K
  class space    used 4599K, capacity 4995K, committed 5120K, reserved 1048576K
Event: 19.107 GC heap after
Heap after GC invocations=17 (full 5):
 PSYoungGen      total 279040K, used 0K [0x000000076b380000, 0x0000000782e00000, 0x00000007c0000000)
  eden space 235008K, 0% used [0x000000076b380000,0x000000076b380000,0x0000000779900000)
  from space 44032K, 0% used [0x0000000780300000,0x0000000780300000,0x0000000782e00000)
  to   space 56832K, 0% used [0x000000077bf00000,0x000000077bf00000,0x000000077f680000)
 ParOldGen       total 330752K, used 200205K [0x00000006c1a00000, 0x00000006d5d00000, 0x000000076b380000)
  object space 330752K, 60% used [0x00000006c1a00000,0x00000006cdd83730,0x00000006d5d00000)
 Metaspace       used 35253K, capacity 37428K, committed 37632K, reserved 1081344K
  class space    used 4599K, capacity 4995K, committed 5120K, reserved 1048576K
}
Event: 22.232 GC heap before
{Heap before GC invocations=18 (full 5):
 PSYoungGen      total 279040K, used 235008K [0x000000076b380000, 0x0000000782e00000, 0x00000007c0000000)
  eden space 235008K, 100% used [0x000000076b380000,0x0000000779900000,0x0000000779900000)
  from space 44032K, 0% used [0x0000000780300000,0x0000000780300000,0x0000000782e00000)
  to   space 56832K, 0% used [0x000000077bf00000,0x000000077bf00000,0x000000077f680000)
 ParOldGen       total 330752K, used 200205K [0x00000006c1a00000, 0x00000006d5d00000, 0x000000076b380000)
  object space 330752K, 60% used [0x00000006c1a00000,0x00000006cdd83730,0x00000006d5d00000)
 Metaspace       used 35575K, capacity 37728K, committed 37888K, reserved 1081344K
  class space    used 4613K, capacity 5031K, committed 5120K, reserved 1048576K
Event: 22.241 GC heap after
Heap after GC invocations=18 (full 5):
 PSYoungGen      total 330752K, used 42657K [0x000000076b380000, 0x0000000788f80000, 0x00000007c0000000)
  eden space 273920K, 0% used [0x000000076b380000,0x000000076b380000,0x000000077bf00000)
  from space 56832K, 75% used [0x000000077bf00000,0x000000077e8a8780,0x000000077f680000)
  to   space 61952K, 0% used [0x0000000785300000,0x0000000785300000,0x0000000788f80000)
 ParOldGen       total 330752K, used 200213K [0x00000006c1a00000, 0x00000006d5d00000, 0x000000076b380000)
  object space 330752K, 60% used [0x00000006c1a00000,0x00000006cdd85730,0x00000006d5d00000)
 Metaspace       used 35575K, capacity 37728K, committed 37888K, reserved 1081344K
  class space    used 4613K, capacity 5031K, committed 5120K, reserved 1048576K
}
Event: 27.336 GC heap before
{Heap before GC invocations=19 (full 5):
 PSYoungGen      total 330752K, used 314294K [0x000000076b380000, 0x0000000788f80000, 0x00000007c0000000)
  eden space 273920K, 99% used [0x000000076b380000,0x000000077bcc5088,0x000000077bf00000)
  from space 56832K, 75% used [0x000000077bf00000,0x000000077e8a8780,0x000000077f680000)
  to   space 61952K, 0% used [0x0000000785300000,0x0000000785300000,0x0000000788f80000)
 ParOldGen       total 330752K, used 200213K [0x00000006c1a00000, 0x00000006d5d00000, 0x000000076b380000)
  object space 330752K, 60% used [0x00000006c1a00000,0x00000006cdd85730,0x00000006d5d00000)
 Metaspace       used 35853K, capacity 38022K, committed 38144K, reserved 1083392K
  class space    used 4620K, capacity 5038K, committed 5120K, reserved 1048576K
Event: 27.344 GC heap after
Heap after GC invocations=19 (full 5):
 PSYoungGen      total 425472K, used 32880K [0x000000076b380000, 0x000000078c580000, 0x00000007c0000000)
  eden space 363520K, 0% used [0x000000076b380000,0x000000076b380000,0x0000000781680000)
  from space 61952K, 53% used [0x0000000785300000,0x000000078731c0d8,0x0000000788f80000)
  to   space 61952K, 0% used [0x0000000781680000,0x0000000781680000,0x0000000785300000)
 ParOldGen       total 330752K, used 209603K [0x00000006c1a00000, 0x00000006d5d00000, 0x000000076b380000)
  object space 330752K, 63% used [0x00000006c1a00000,0x00000006ce6b0e50,0x00000006d5d00000)
 Metaspace       used 35853K, capacity 38022K, committed 38144K, reserved 1083392K
  class space    used 4620K, capacity 5038K, committed 5120K, reserved 1048576K
}

Deoptimization events (10 events):
Event: 18.796 Thread 0x0000000027b1e000 Uncommon trap: reason=null_assert action=make_not_entrant pc=0x0000000003329b78 method=com.sun.imageio.plugins.jpeg.JPEGImageReader.acceptPixels(IZ)V @ 4
Event: 19.147 Thread 0x000000001f4ce800 Uncommon trap: reason=null_check action=make_not_entrant pc=0x000000000312f7d8 method=com.sun.prism.impl.BaseResourcePool$WeakLinkedList.getResource()Lcom/sun/prism/impl/ManagedResource; @ 7
Event: 20.287 Thread 0x000000001f783800 Uncommon trap: reason=unstable_if action=reinterpret pc=0x0000000002fd2884 method=sun.net.www.ParseUtil.match(CJJ)Z @ 39
Event: 20.308 Thread 0x000000001f4f8800 Uncommon trap: reason=bimorphic action=maybe_recompile pc=0x0000000003d65838 method=java.util.HashMap.removeNode(ILjava/lang/Object;Ljava/lang/Object;ZZ)Ljava/util/HashMap$Node; @ 143
Event: 20.324 Thread 0x000000001f4f8800 Uncommon trap: reason=bimorphic action=maybe_recompile pc=0x0000000003d65838 method=java.util.HashMap.removeNode(ILjava/lang/Object;Ljava/lang/Object;ZZ)Ljava/util/HashMap$Node; @ 143
Event: 20.324 Thread 0x000000001f4f8800 Uncommon trap: reason=bimorphic action=maybe_recompile pc=0x0000000003d65838 method=java.util.HashMap.removeNode(ILjava/lang/Object;Ljava/lang/Object;ZZ)Ljava/util/HashMap$Node; @ 143
Event: 20.436 Thread 0x000000001f4f8800 Uncommon trap: reason=bimorphic action=maybe_recompile pc=0x0000000003d65838 method=java.util.HashMap.removeNode(ILjava/lang/Object;Ljava/lang/Object;ZZ)Ljava/util/HashMap$Node; @ 143
Event: 24.038 Thread 0x000000001f4ce800 Uncommon trap: reason=unstable_if action=reinterpret pc=0x000000000352bf2c method=com.sun.javafx.sg.prism.NGNode.markCullRegions(Lcom/sun/javafx/geom/DirtyRegionContainer;ILcom/sun/javafx/geom/transform/BaseTransform;Lcom/sun/javafx/geom/transform/General
Event: 27.903 Thread 0x0000000027b22000 Uncommon trap: reason=unstable_if action=reinterpret pc=0x0000000003838b80 method=sun.security.util.DerValue.isPrintableStringChar(C)Z @ 9
Event: 32.870 Thread 0x000000001f4f8800 Uncommon trap: reason=unstable_if action=reinterpret pc=0x0000000003187c80 method=java.util.Base64$Encoder.encode0([BII[B)I @ 100

Classes redefined (0 events):
No events

Internal exceptions (10 events):
Event: 16.078 Thread 0x000000001f4f8800 Exception <a 'java/lang/NullPointerException'> (0x0000000771772f28) thrown at [C:\re\workspace\8-2-build-windows-amd64-cygwin\jdk8u191\11896\hotspot\src\share\vm\prims\jni.cpp, line 709]
Event: 16.627 Thread 0x0000000027b1e000 Implicit null exception at 0x0000000002dbf583 to 0x0000000002dbf795
Event: 16.769 Thread 0x0000000027b1e000 Implicit null exception at 0x000000000312cda5 to 0x000000000312d305
Event: 18.077 Thread 0x000000001f4f8800 Exception <a 'netscape/javascript/JSException'> (0x000000076b54d9b8) thrown at [C:\re\workspace\8-2-build-windows-amd64-cygwin\jdk8u191\11896\hotspot\src\share\vm\prims\jni.cpp, line 709]
Event: 18.206 Thread 0x0000000027b1f800 Exception <a 'sun/nio/fs/WindowsException'> (0x000000076ef975d8) thrown at [C:\re\workspace\8-2-build-windows-amd64-cygwin\jdk8u191\11896\hotspot\src\share\vm\prims\jni.cpp, line 709]
Event: 18.229 Thread 0x000000001f4f8800 Exception <a 'java/lang/NullPointerException'> (0x000000076f32ec48) thrown at [C:\re\workspace\8-2-build-windows-amd64-cygwin\jdk8u191\11896\hotspot\src\share\vm\prims\jni.cpp, line 709]
Event: 19.147 Thread 0x000000001f4ce800 Implicit null exception at 0x000000000312f795 to 0x000000000312f7cd
Event: 20.516 Thread 0x000000001f4f8800 Exception <a 'netscape/javascript/JSException'> (0x000000076eb07278) thrown at [C:\re\workspace\8-2-build-windows-amd64-cygwin\jdk8u191\11896\hotspot\src\share\vm\prims\jni.cpp, line 709]
Event: 26.546 Thread 0x000000001f4f8800 Exception <a 'netscape/javascript/JSException'> (0x000000077655eff8) thrown at [C:\re\workspace\8-2-build-windows-amd64-cygwin\jdk8u191\11896\hotspot\src\share\vm\prims\jni.cpp, line 709]
Event: 32.954 Thread 0x000000001f4f8800 Exception <a 'netscape/javascript/JSException'> (0x0000000771ee41f0) thrown at [C:\re\workspace\8-2-build-windows-amd64-cygwin\jdk8u191\11896\hotspot\src\share\vm\prims\jni.cpp, line 709]

Events (10 events):
Event: 31.819 Thread 0x0000000027b72000 Thread exited: 0x0000000027b72000
Event: 32.056 Thread 0x000000001e4f1800 flushing nmethod 0x0000000003a79190
Event: 32.057 Thread 0x000000001e4f1800 flushing nmethod 0x0000000003ac1c90
Event: 32.862 Thread 0x000000001f4f8800 DEOPT PACKING pc=0x0000000003189547 sp=0x000000002017a5f0
Event: 32.862 Thread 0x000000001f4f8800 DEOPT UNPACKING pc=0x0000000002aa7890 sp=0x000000002017a368 mode 0
Event: 32.870 Thread 0x000000001f4f8800 Uncommon trap: trap_request=0xffffff65 fr.pc=0x0000000003187c80
Event: 32.870 Thread 0x000000001f4f8800 DEOPT PACKING pc=0x0000000003187c80 sp=0x000000002017a630
Event: 32.870 Thread 0x000000001f4f8800 DEOPT UNPACKING pc=0x0000000002aa583b sp=0x000000002017a5e8 mode 2
Event: 32.880 Thread 0x000000001f4f8800 DEOPT PACKING pc=0x00000000037e5754 sp=0x000000002017a6b0
Event: 32.880 Thread 0x000000001f4f8800 DEOPT UNPACKING pc=0x0000000002aa7890 sp=0x000000002017a410 mode 0


Dynamic libraries:
0x00007ff621650000 - 0x00007ff621687000 	C:\Program Files\Java\jdk1.8.0_191\bin\java.exe
0x00007ff9d0340000 - 0x00007ff9d0530000 	C:\WINDOWS\SYSTEM32\ntdll.dll
0x00007ff9cf7f0000 - 0x00007ff9cf8a2000 	C:\WINDOWS\System32\KERNEL32.DLL
0x00007ff9cd2d0000 - 0x00007ff9cd574000 	C:\WINDOWS\System32\KERNELBASE.dll
0x00007ff9cf8b0000 - 0x00007ff9cf953000 	C:\WINDOWS\System32\ADVAPI32.dll
0x00007ff9cf190000 - 0x00007ff9cf22e000 	C:\WINDOWS\System32\msvcrt.dll
0x00007ff9ce840000 - 0x00007ff9ce8d7000 	C:\WINDOWS\System32\sechost.dll
0x00007ff9ce510000 - 0x00007ff9ce630000 	C:\WINDOWS\System32\RPCRT4.dll
0x00007ff9cf230000 - 0x00007ff9cf3c4000 	C:\WINDOWS\System32\USER32.dll
0x00007ff9cd780000 - 0x00007ff9cd7a1000 	C:\WINDOWS\System32\win32u.dll
0x00007ff9cf7c0000 - 0x00007ff9cf7e6000 	C:\WINDOWS\System32\GDI32.dll
0x00007ff9ce230000 - 0x00007ff9ce3c5000 	C:\WINDOWS\System32\gdi32full.dll
0x00007ff9ce090000 - 0x00007ff9ce12e000 	C:\WINDOWS\System32\msvcp_win.dll
0x00007ff9ce130000 - 0x00007ff9ce22a000 	C:\WINDOWS\System32\ucrtbase.dll
0x00007ff9bc700000 - 0x00007ff9bc984000 	C:\WINDOWS\WinSxS\amd64_microsoft.windows.common-controls_6595b64144ccf1df_6.0.18362.900_none_e6beb9d913147d17\COMCTL32.dll
0x00007ff9cfe00000 - 0x00007ff9d0135000 	C:\WINDOWS\System32\combase.dll
0x00007ff9cd580000 - 0x00007ff9cd600000 	C:\WINDOWS\System32\bcryptPrimitives.dll
0x00007ff9cf960000 - 0x00007ff9cf98e000 	C:\WINDOWS\System32\IMM32.DLL
0x00000000571e0000 - 0x00000000572b2000 	C:\Program Files\Java\jdk1.8.0_191\jre\bin\msvcr100.dll
0x0000000056120000 - 0x00000000569c4000 	C:\Program Files\Java\jdk1.8.0_191\jre\bin\server\jvm.dll
0x00007ff9cf480000 - 0x00007ff9cf488000 	C:\WINDOWS\System32\PSAPI.DLL
0x00007ff9c5410000 - 0x00007ff9c541a000 	C:\WINDOWS\SYSTEM32\VERSION.dll
0x00007ff9928d0000 - 0x00007ff9928d9000 	C:\WINDOWS\SYSTEM32\WSOCK32.dll
0x00007ff9cae00000 - 0x00007ff9cae24000 	C:\WINDOWS\SYSTEM32\WINMM.dll
0x00007ff9cf120000 - 0x00007ff9cf18f000 	C:\WINDOWS\System32\WS2_32.dll
0x00007ff9cacf0000 - 0x00007ff9cad1d000 	C:\WINDOWS\SYSTEM32\winmmbase.dll
0x00007ff9ce040000 - 0x00007ff9ce08a000 	C:\WINDOWS\System32\cfgmgr32.dll
0x00000000571d0000 - 0x00000000571df000 	C:\Program Files\Java\jdk1.8.0_191\jre\bin\verify.dll
0x00000000571a0000 - 0x00000000571c9000 	C:\Program Files\Java\jdk1.8.0_191\jre\bin\java.dll
0x0000000057150000 - 0x0000000057173000 	C:\Program Files\Java\jdk1.8.0_191\jre\bin\instrument.dll
0x0000000057180000 - 0x0000000057196000 	C:\Program Files\Java\jdk1.8.0_191\jre\bin\zip.dll
0x00007ff9cea30000 - 0x00007ff9cf116000 	C:\WINDOWS\System32\SHELL32.dll
0x00007ff9cf3d0000 - 0x00007ff9cf479000 	C:\WINDOWS\System32\shcore.dll
0x00007ff9cd860000 - 0x00007ff9cdfe0000 	C:\WINDOWS\System32\windows.storage.dll
0x00007ff9cd2a0000 - 0x00007ff9cd2c3000 	C:\WINDOWS\System32\profapi.dll
0x00007ff9cd230000 - 0x00007ff9cd27a000 	C:\WINDOWS\System32\powrprof.dll
0x00007ff9cd200000 - 0x00007ff9cd210000 	C:\WINDOWS\System32\UMPDC.dll
0x00007ff9ce9d0000 - 0x00007ff9cea22000 	C:\WINDOWS\System32\shlwapi.dll
0x00007ff9cd210000 - 0x00007ff9cd221000 	C:\WINDOWS\System32\kernel.appcore.dll
0x00007ff9ce3d0000 - 0x00007ff9ce3e7000 	C:\WINDOWS\System32\cryptsp.dll
0x00007ff9b23c0000 - 0x00007ff9b23da000 	C:\Program Files\JetBrains\IntelliJ IDEA Community Edition 2020.1.2\bin\breakgen64.dll
0x0000000057130000 - 0x000000005714a000 	C:\Program Files\Java\jdk1.8.0_191\jre\bin\net.dll
0x00007ff9cca10000 - 0x00007ff9cca77000 	C:\WINDOWS\system32\mswsock.dll
0x00000000025c0000 - 0x00000000025c3000 	C:\Program Files\Java\jdk1.8.0_191\jre\bin\api-ms-win-core-console-l1-1-0.dll
0x00000000025d0000 - 0x00000000025d3000 	C:\Program Files\Java\jdk1.8.0_191\jre\bin\api-ms-win-core-datetime-l1-1-0.dll
0x0000000002800000 - 0x0000000002803000 	C:\Program Files\Java\jdk1.8.0_191\jre\bin\api-ms-win-core-debug-l1-1-0.dll
0x0000000002810000 - 0x0000000002813000 	C:\Program Files\Java\jdk1.8.0_191\jre\bin\api-ms-win-core-errorhandling-l1-1-0.dll
0x0000000002930000 - 0x0000000002934000 	C:\Program Files\Java\jdk1.8.0_191\jre\bin\api-ms-win-core-file-l1-1-0.dll
0x0000000002940000 - 0x0000000002943000 	C:\Program Files\Java\jdk1.8.0_191\jre\bin\api-ms-win-core-file-l1-2-0.dll
0x000000001fa50000 - 0x000000001fa53000 	C:\Program Files\Java\jdk1.8.0_191\jre\bin\api-ms-win-core-file-l2-1-0.dll
0x000000001fa60000 - 0x000000001fa63000 	C:\Program Files\Java\jdk1.8.0_191\jre\bin\api-ms-win-core-handle-l1-1-0.dll
0x000000001fa70000 - 0x000000001fa73000 	C:\Program Files\Java\jdk1.8.0_191\jre\bin\api-ms-win-core-heap-l1-1-0.dll
0x000000001fa80000 - 0x000000001fa83000 	C:\Program Files\Java\jdk1.8.0_191\jre\bin\api-ms-win-core-interlocked-l1-1-0.dll
0x000000001fa90000 - 0x000000001fa93000 	C:\Program Files\Java\jdk1.8.0_191\jre\bin\api-ms-win-core-libraryloader-l1-1-0.dll
0x000000001faa0000 - 0x000000001faa3000 	C:\Program Files\Java\jdk1.8.0_191\jre\bin\api-ms-win-core-localization-l1-2-0.dll
0x000000001fab0000 - 0x000000001fab3000 	C:\Program Files\Java\jdk1.8.0_191\jre\bin\api-ms-win-core-memory-l1-1-0.dll
0x000000001fac0000 - 0x000000001fac3000 	C:\Program Files\Java\jdk1.8.0_191\jre\bin\api-ms-win-core-namedpipe-l1-1-0.dll
0x000000001fad0000 - 0x000000001fad3000 	C:\Program Files\Java\jdk1.8.0_191\jre\bin\api-ms-win-core-processenvironment-l1-1-0.dll
0x000000001fae0000 - 0x000000001fae3000 	C:\Program Files\Java\jdk1.8.0_191\jre\bin\api-ms-win-core-processthreads-l1-1-0.dll
0x000000001faf0000 - 0x000000001faf3000 	C:\Program Files\Java\jdk1.8.0_191\jre\bin\api-ms-win-core-processthreads-l1-1-1.dll
0x000000001fb00000 - 0x000000001fb03000 	C:\Program Files\Java\jdk1.8.0_191\jre\bin\api-ms-win-core-profile-l1-1-0.dll
0x000000001fb10000 - 0x000000001fb13000 	C:\Program Files\Java\jdk1.8.0_191\jre\bin\api-ms-win-core-rtlsupport-l1-1-0.dll
0x000000001fb20000 - 0x000000001fb23000 	C:\Program Files\Java\jdk1.8.0_191\jre\bin\api-ms-win-core-string-l1-1-0.dll
0x000000001fb30000 - 0x000000001fb33000 	C:\Program Files\Java\jdk1.8.0_191\jre\bin\api-ms-win-core-synch-l1-1-0.dll
0x000000001fb40000 - 0x000000001fb43000 	C:\Program Files\Java\jdk1.8.0_191\jre\bin\api-ms-win-core-synch-l1-2-0.dll
0x000000001fb50000 - 0x000000001fb53000 	C:\Program Files\Java\jdk1.8.0_191\jre\bin\api-ms-win-core-sysinfo-l1-1-0.dll
0x000000001fb60000 - 0x000000001fb63000 	C:\Program Files\Java\jdk1.8.0_191\jre\bin\api-ms-win-core-timezone-l1-1-0.dll
0x000000001fb70000 - 0x000000001fb73000 	C:\Program Files\Java\jdk1.8.0_191\jre\bin\api-ms-win-core-util-l1-1-0.dll
0x000000001fb80000 - 0x000000001fb83000 	C:\Program Files\Java\jdk1.8.0_191\jre\bin\api-ms-win-crt-conio-l1-1-0.dll
0x000000001fb90000 - 0x000000001fb94000 	C:\Program Files\Java\jdk1.8.0_191\jre\bin\api-ms-win-crt-convert-l1-1-0.dll
0x000000001fba0000 - 0x000000001fba3000 	C:\Program Files\Java\jdk1.8.0_191\jre\bin\api-ms-win-crt-environment-l1-1-0.dll
0x000000001fbb0000 - 0x000000001fbb3000 	C:\Program Files\Java\jdk1.8.0_191\jre\bin\api-ms-win-crt-filesystem-l1-1-0.dll
0x000000001fbc0000 - 0x000000001fbc3000 	C:\Program Files\Java\jdk1.8.0_191\jre\bin\api-ms-win-crt-heap-l1-1-0.dll
0x000000001fbd0000 - 0x000000001fbd3000 	C:\Program Files\Java\jdk1.8.0_191\jre\bin\api-ms-win-crt-locale-l1-1-0.dll
0x000000001fbe0000 - 0x000000001fbe5000 	C:\Program Files\Java\jdk1.8.0_191\jre\bin\api-ms-win-crt-math-l1-1-0.dll
0x000000001fbf0000 - 0x000000001fbf5000 	C:\Program Files\Java\jdk1.8.0_191\jre\bin\api-ms-win-crt-multibyte-l1-1-0.dll
0x000000001fc00000 - 0x000000001fc10000 	C:\Program Files\Java\jdk1.8.0_191\jre\bin\api-ms-win-crt-private-l1-1-0.dll
0x000000001fc10000 - 0x000000001fc13000 	C:\Program Files\Java\jdk1.8.0_191\jre\bin\api-ms-win-crt-process-l1-1-0.dll
0x000000001fc20000 - 0x000000001fc24000 	C:\Program Files\Java\jdk1.8.0_191\jre\bin\api-ms-win-crt-runtime-l1-1-0.dll
0x000000001fc30000 - 0x000000001fc34000 	C:\Program Files\Java\jdk1.8.0_191\jre\bin\api-ms-win-crt-stdio-l1-1-0.dll
0x000000001fc40000 - 0x000000001fc44000 	C:\Program Files\Java\jdk1.8.0_191\jre\bin\api-ms-win-crt-string-l1-1-0.dll
0x000000001fc50000 - 0x000000001fc53000 	C:\Program Files\Java\jdk1.8.0_191\jre\bin\api-ms-win-crt-time-l1-1-0.dll
0x000000001fc60000 - 0x000000001fc63000 	C:\Program Files\Java\jdk1.8.0_191\jre\bin\api-ms-win-crt-utility-l1-1-0.dll
0x00007ff9b21f0000 - 0x00007ff9b22e6000 	C:\Program Files\Java\jdk1.8.0_191\jre\bin\ucrtbase.dll
0x00007ff9b23a0000 - 0x00007ff9b23b6000 	C:\Program Files\Java\jdk1.8.0_191\jre\bin\vcruntime140.dll
0x00007ff9b2150000 - 0x00007ff9b21ec000 	C:\Program Files\Java\jdk1.8.0_191\jre\bin\msvcp140.dll
0x00007ff9b2090000 - 0x00007ff9b20e1000 	C:\Program Files\Java\jdk1.8.0_191\jre\bin\concrt140.dll
0x0000000057100000 - 0x0000000057123000 	C:\Program Files\Java\jdk1.8.0_191\jre\bin\prism_d3d.dll
0x00007ff986cd0000 - 0x00007ff986e97000 	C:\WINDOWS\system32\d3d9.dll
0x00007ff9cbb70000 - 0x00007ff9cbb9d000 	C:\WINDOWS\SYSTEM32\dwmapi.dll
0x00007ff9cbe70000 - 0x00007ff9cbe90000 	C:\WINDOWS\SYSTEM32\dxcore.dll
0x00007ff9cb570000 - 0x00007ff9cb609000 	C:\WINDOWS\system32\uxtheme.dll
0x00007ff986a50000 - 0x00007ff986cc2000 	C:\WINDOWS\System32\DriverStore\FileRepository\igdlh64.inf_amd64_24de78387e6208e4\igdumdim64.dll
0x00007ff983550000 - 0x00007ff986a47000 	C:\WINDOWS\System32\DriverStore\FileRepository\igdlh64.inf_amd64_24de78387e6208e4\igd9dxva64.dll
0x00007ff9cf510000 - 0x00007ff9cf667000 	C:\WINDOWS\System32\ole32.dll
0x00007ff9d0140000 - 0x00007ff9d0205000 	C:\WINDOWS\System32\OLEAUT32.dll
0x0000000057090000 - 0x00000000570d9000 	C:\Program Files\Java\jdk1.8.0_191\jre\bin\glass.dll
0x00007ff9ce900000 - 0x00007ff9ce9d0000 	C:\WINDOWS\System32\COMDLG32.dll
0x00007ff9cf680000 - 0x00007ff9cf7b5000 	C:\WINDOWS\System32\MSCTF.dll
0x00007ff987430000 - 0x00007ff987451000 	C:\WINDOWS\System32\DriverStore\FileRepository\igdlh64.inf_amd64_24de78387e6208e4\igdinfo64.dll
0x00007ff9c0b70000 - 0x00007ff9c2ad5000 	C:\WINDOWS\System32\DriverStore\FileRepository\igdlh64.inf_amd64_24de78387e6208e4\igc64.dll
0x0000000057070000 - 0x0000000057084000 	C:\Program Files\Java\jdk1.8.0_191\jre\bin\javafx_font.dll
0x00007ff9bf120000 - 0x00007ff9bf41e000 	C:\WINDOWS\SYSTEM32\dwrite.dll
0x00007ff9ce3f0000 - 0x00007ff9ce492000 	C:\WINDOWS\System32\clbcatq.dll
0x00007ff9c8990000 - 0x00007ff9c8b3f000 	C:\WINDOWS\SYSTEM32\WindowsCodecs.dll
0x00007ff9a8fa0000 - 0x00007ff9a8fda000 	C:\WINDOWS\system32\dataexchange.dll
0x00007ff9cab00000 - 0x00007ff9cacdc000 	C:\WINDOWS\system32\dcomp.dll
0x00007ff9ca440000 - 0x00007ff9ca69b000 	C:\WINDOWS\system32\d3d11.dll
0x00007ff9cbf00000 - 0x00007ff9cbfeb000 	C:\WINDOWS\system32\dxgi.dll
0x00007ff9cb630000 - 0x00007ff9cb891000 	C:\WINDOWS\system32\twinapi.appcore.dll
0x00007ff9cb9a0000 - 0x00007ff9cb9c9000 	C:\WINDOWS\system32\RMCLIENT.dll
0x00007ff9b2020000 - 0x00007ff9b2053000 	C:\Program Files\Common Files\Microsoft Shared\Ink\rtscom.dll
0x00007ff9ad680000 - 0x00007ff9ad6e5000 	C:\WINDOWS\system32\Oleacc.dll
0x0000000057050000 - 0x0000000057062000 	C:\Program Files\Java\jdk1.8.0_191\jre\bin\prism_common.dll
0x00007ff9c2d80000 - 0x00007ff9c2e1e000 	C:\WINDOWS\System32\TextInputFramework.dll
0x00007ff9cad20000 - 0x00007ff9cadf4000 	C:\WINDOWS\System32\CoreMessaging.dll
0x00007ff9c9280000 - 0x00007ff9c95aa000 	C:\WINDOWS\System32\CoreUIComponents.dll
0x00007ff9cc260000 - 0x00007ff9cc291000 	C:\WINDOWS\SYSTEM32\ntmarta.dll
0x00007ff9c8fe0000 - 0x00007ff9c9133000 	C:\WINDOWS\SYSTEM32\wintypes.dll
0x00007ff9bf790000 - 0x00007ff9bfa36000 	C:\WINDOWS\System32\iertutil.dll
0x00007ff9cc760000 - 0x00007ff9cc82b000 	C:\WINDOWS\SYSTEM32\DNSAPI.dll
0x00007ff9d0270000 - 0x00007ff9d0278000 	C:\WINDOWS\System32\NSI.dll
0x00007ff9cc720000 - 0x00007ff9cc75a000 	C:\WINDOWS\SYSTEM32\IPHLPAPI.DLL
0x00007ff9bee20000 - 0x00007ff9bee2a000 	C:\Windows\System32\rasadhlp.dll
0x00007ff9c4ad0000 - 0x00007ff9c4b47000 	C:\WINDOWS\System32\fwpuclnt.dll
0x00007ff9cd750000 - 0x00007ff9cd776000 	C:\WINDOWS\System32\bcrypt.dll
0x00007ff9c9e80000 - 0x00007ff9ca440000 	C:\WINDOWS\SYSTEM32\d2d1.dll
0x00007ff9c59c0000 - 0x00007ff9c6101000 	C:\WINDOWS\SYSTEM32\D3D10Warp.dll

VM Arguments:
jvm_args: -javaagent:C:\Program Files\JetBrains\IntelliJ IDEA Community Edition 2020.1.2\lib\idea_rt.jar=54528:C:\Program Files\JetBrains\IntelliJ IDEA Community Edition 2020.1.2\bin -Dfile.encoding=UTF-8 
java_command: application.Main
java_class_path (initial): C:\Users\yacay\IdeaProjects\NTCW\bin;C:\Program Files\Java\jdk1.8.0_191\jre\lib\charsets.jar;C:\Program Files\Java\jdk1.8.0_191\jre\lib\deploy.jar;C:\Program Files\Java\jdk1.8.0_191\jre\lib\ext\access-bridge-64.jar;C:\Program Files\Java\jdk1.8.0_191\jre\lib\ext\cldrdata.jar;C:\Program Files\Java\jdk1.8.0_191\jre\lib\ext\dnsns.jar;C:\Program Files\Java\jdk1.8.0_191\jre\lib\ext\jaccess.jar;C:\Program Files\Java\jdk1.8.0_191\jre\lib\ext\jfxrt.jar;C:\Program Files\Java\jdk1.8.0_191\jre\lib\ext\localedata.jar;C:\Program Files\Java\jdk1.8.0_191\jre\lib\ext\nashorn.jar;C:\Program Files\Java\jdk1.8.0_191\jre\lib\ext\sunec.jar;C:\Program Files\Java\jdk1.8.0_191\jre\lib\ext\sunjce_provider.jar;C:\Program Files\Java\jdk1.8.0_191\jre\lib\ext\sunmscapi.jar;C:\Program Files\Java\jdk1.8.0_191\jre\lib\ext\sunpkcs11.jar;C:\Program Files\Java\jdk1.8.0_191\jre\lib\ext\zipfs.jar;C:\Program Files\Java\jdk1.8.0_191\jre\lib\javaws.jar;C:\Program Files\Java\jdk1.8.0_191\jre\lib\jce.jar;C:\Program Files\Java\jdk1.8.0_191\jre\lib\jfr.jar;C:\Program Files\Java\jdk1.8.0_191\jre\lib\jfxswt.jar;C:\Program Files\Java\jdk1.8.0_191\jre\lib\jsse.jar;C:\Program Files\Java\jdk1.8.0_191\jre\lib\management-agent.jar;C:\Program Files\Java\jdk1.8.0_191\jre\lib\plugin.jar;C:\Program Files\Java\jdk1.8.0_191\jre\lib\resources.jar;C:\Program Files\Java\jdk1.8.0_191\jre\lib\rt.jar;C:\Users\yacay\Documents\Deliveries\NTDW\Libs\apache-commons-lang.jar;C:\Users\yacay\Documents\Deliveries\NTDW\Libs\bcprov-jdk15on-157.jar;C:\Users\yacay\Documents\Deliveries\NTDW\Libs\charm-glisten-4.4.1.jar;C:\Users\yacay\Documents\Deliveries\NTDW\Libs\commons-collections4-4.1.jar;C:\Users\yacay\Documents\Deliveries\NTDW\Libs\commons-lang-2.6.jar;C:\Users\yacay\Documents\Deliveries\NTDW\Libs\commons-lang3-3.7.jar;C:\Users\yacay\Documents\Deliveries\NTDW\Libs\controlsfx-8.40.14.jar;C:\Users\yacay\Documents\Deliveries\NTDW\Libs\controlsfx-samples-8.40.14.jar;C:\Users\yacay\Documents\Deliveries\NTDW\Libs\f
Launcher Type: SUN_STANDARD

Environment Variables:
PATH=C:\ProgramData\Oracle\Java\javapath;C:\Program Files (x86)\Common Files\Oracle\Java\javapath;C:\Program Files (x86)\Razer Chroma SDK\bin;C:\Program Files\Razer Chroma SDK\bin;C:\Program Files (x86)\Intel\iCLS Client\;C:\Program Files\Intel\iCLS Client\;C:\Windows\system32;C:\Windows;C:\Windows\System32\Wbem;C:\Windows\System32\WindowsPowerShell\v1.0\;C:\Program Files (x86)\Intel\Intel(R) Management Engine Components\DAL;C:\Program Files\Intel\Intel(R) Management Engine Components\DAL;C:\Program Files (x86)\Intel\Intel(R) Management Engine Components\IPT;C:\Program Files\Intel\Intel(R) Management Engine Components\IPT;C:\Users\Administrator\AppData\Local\Microsoft\WindowsApps;C:\WINDOWS\system32;C:\WINDOWS;C:\WINDOWS\System32\Wbem;C:\WINDOWS\System32\WindowsPowerShell\v1.0\;C:\WINDOWS\System32\OpenSSH\;C:\Program Files\dotnet\;C:\PostgreSQL\pg11\bin;C:\Program Files\Git\cmd;C:\Users\yacay\AppData\Local\Programs\Python\Python36\Scripts\;C:\Users\yacay\AppData\Local\Programs\Python\Python36\;C:\Users\yacay\AppData\Local\Programs\Python\Launcher\;C:\Users\yacay\AppData\Local\Microsoft\WindowsApps;;C:\Program Files\JetBrains\IntelliJ IDEA Community Edition 2020.1.2\bin;
USERNAME=yacay
OS=Windows_NT
PROCESSOR_IDENTIFIER=Intel64 Family 6 Model 142 Stepping 10, GenuineIntel



---------------  S Y S T E M  ---------------

OS: Windows 10.0 , 64 bit Build 18362 (10.0.18362.900)

CPU:total 8 (initial active 8) (4 cores per cpu, 2 threads per core) family 6 model 142 stepping 10, cmov, cx8, fxsr, mmx, sse, sse2, sse3, ssse3, sse4.1, sse4.2, popcnt, avx, avx2, aes, clmul, erms, 3dnowpref, lzcnt, ht, tsc, tscinvbit, bmi1, bmi2, adx

Memory: 4k page, physical 16667200k(8225988k free), swap 19157568k(8369056k free)

vm_info: Java HotSpot(TM) 64-Bit Server VM (25.191-b12) for windows-amd64 JRE (1.8.0_191-b12), built on Oct  6 2018 09:29:03 by "java_re" with MS VC++ 10.0 (VS2010)

time: Mon Jul 06 16:34:25 2020
elapsed time: 33 seconds (0d 0h 0m 33s)

