#
# A fatal error has been detected by the Java Runtime Environment:
#
#  EXCEPTION_ACCESS_VIOLATION (0xc0000005) at pc=0x00000000534033c4, pid=15592, tid=0x00000000000016d4
#
# JRE version: Java(TM) SE Runtime Environment (8.0_191-b12) (build 1.8.0_191-b12)
# Java VM: Java HotSpot(TM) 64-Bit Server VM (25.191-b12 mixed mode windows-amd64 compressed oops)
# Problematic frame:
# C  0x00000000534033c4
#
# Failed to write core dump. Minidumps are not enabled by default on client versions of Windows
#
# If you would like to submit a bug report, please visit:
#   http://bugreport.java.com/bugreport/crash.jsp
# The crash happened outside the Java Virtual Machine in native code.
# See problematic frame for where to report the bug.
#

---------------  T H R E A D  ---------------

Current thread (0x000000001f29f000):  JavaThread "JavaFX Application Thread" [_thread_in_native, id=5844, stack(0x000000001fcd0000,0x000000001fdd0000)]

siginfo: ExceptionCode=0xc0000005, reading address 0x00000000000000a8

Registers:
RAX=0x0000000000000000, RBX=0x000000004d0fcd70, RCX=0x000000004d0fcd70, RDX=0x000000004d0fd048
RSP=0x000000001fdcb1f0, RBP=0x000000001fdcb320, RSI=0x000000004d0fcd70, RDI=0x000000004d0fd048
R8 =0x0000000000010002, R9 =0x000000001f29a080, R10=0x0000000047813ca8, R11=0x000000001fdcaf30
R12=0x0000000000000000, R13=0x0000000000000001, R14=0x0000000000000000, R15=0x000000004dc006a8
RIP=0x00000000534033c4, EFLAGS=0x0000000000010206

Top of Stack: (sp=0x000000001fdcb1f0)
0x000000001fdcb1f0:   000000004e0b6240 0000000000000001
0x000000001fdcb200:   000000004e0b6240 0000000000000000
0x000000001fdcb210:   000000004e0b6240 0000000053402987
0x000000001fdcb220:   000000004e0b5000 000000004d0fcd70
0x000000001fdcb230:   000000004e0b6240 0000000000000000
0x000000001fdcb240:   0000000000000000 0000000000000028
0x000000001fdcb250:   0000000000000280 000000001fdcb319
0x000000001fdcb260:   00000000005d0000 00007ff9d037b997
0x000000001fdcb270:   00000000009d0000 0000000000000000
0x000000001fdcb280:   0000000000000270 0000000000000000
0x000000001fdcb290:   0000000000000000 000000001fdcb400
0x000000001fdcb2a0:   000000004e0b50a0 0000000000000000
0x000000001fdcb2b0:   000000004d9ef460 000000001fdcb428
0x000000001fdcb2c0:   000000004e0b5138 0000000000000000
0x000000001fdcb2d0:   000000004dc006a8 00007ff9ce142596
0x000000001fdcb2e0:   0000000000000002 0000000000000080 

Instructions: (pc=0x00000000534033c4)
0x00000000534033a4:   cc cc cc cc cc cc cc cc cc cc cc cc 48 89 5c 24
0x00000000534033b4:   08 57 48 83 ec 20 48 8b 41 18 48 8b d9 48 8b fa
0x00000000534033c4:   48 8b 88 a8 00 00 00 48 83 c1 50 e8 3c 82 d3 ff
0x00000000534033d4:   48 8b d7 48 8b c8 e8 61 7b dc ff 84 c0 74 0d b0 


Register to memory mapping:

RAX=0x0000000000000000 is an unknown value
RBX=0x000000004d0fcd70 is an unknown value
RCX=0x000000004d0fcd70 is an unknown value
RDX=0x000000004d0fd048 is an unknown value
RSP=0x000000001fdcb1f0 is pointing into the stack for thread: 0x000000001f29f000
RBP=0x000000001fdcb320 is pointing into the stack for thread: 0x000000001f29f000
RSI=0x000000004d0fcd70 is an unknown value
RDI=0x000000004d0fd048 is an unknown value
R8 =0x0000000000010002 is an unknown value
R9 =0x000000001f29a080 is an unknown value
R10={method} {0x0000000047813cb0} 'fwkFireLoadEvent' '(JILjava/lang/String;Ljava/lang/String;DI)V' in 'com/sun/webkit/WebPage'
R11=0x000000001fdcaf30 is pointing into the stack for thread: 0x000000001f29f000
R12=0x0000000000000000 is an unknown value
R13=0x0000000000000001 is an unknown value
R14=0x0000000000000000 is an unknown value
R15=0x000000004dc006a8 is an unknown value


Stack: [0x000000001fcd0000,0x000000001fdd0000],  sp=0x000000001fdcb1f0,  free space=1004k
Native frames: (J=compiled Java code, j=interpreted, Vv=VM code, C=native code)
C  0x00000000534033c4
C  0x0000000053402987
C  0x0000000053412261
C  0x00000000535f71bd
C  0x00000000535f7f95
C  0x00000000535f7161
C  0x00000000531564ba
C  0x00000000531d1a0e
C  0x00000000528e30e2
C  0x00000000531ccd6f
C  0x00000000531cce71
C  0x000000005314eb27
C  0x00000000535f8026
C  0x00000000535f4d37
C  0x000000005340c9d5
C  0x0000000053402fb2
C  0x00000000537c35a3
C  0x00000000537c3ce5
C  0x00000000027c8c67

Java frames: (J=compiled Java code, j=interpreted, Vv=VM code)
j  com.sun.webkit.network.URLLoader.twkWillSendRequest(Ljava/lang/String;Ljava/lang/String;ILjava/lang/String;Ljava/lang/String;JLjava/lang/String;Ljava/lang/String;J)Z+0
j  com.sun.webkit.network.URLLoader.notifyWillSendRequest(Ljava/lang/String;Ljava/lang/String;ILjava/lang/String;Ljava/lang/String;JLjava/lang/String;Ljava/lang/String;)Z+107
j  com.sun.webkit.network.URLLoader.lambda$willSendRequest$101(Ljava/lang/String;Ljava/lang/String;ILjava/lang/String;Ljava/lang/String;JLjava/lang/String;Ljava/lang/String;Ljava/util/concurrent/CountDownLatch;)V+21
j  com.sun.webkit.network.URLLoader$$Lambda$573.run()V+40
j  com.sun.javafx.application.PlatformImpl.lambda$null$172(Ljava/lang/Runnable;)Ljava/lang/Void;+1
j  com.sun.javafx.application.PlatformImpl$$Lambda$49.run()Ljava/lang/Object;+4
v  ~StubRoutines::call_stub
J 1626  java.security.AccessController.doPrivileged(Ljava/security/PrivilegedAction;Ljava/security/AccessControlContext;)Ljava/lang/Object; (0 bytes) @ 0x0000000002d1cfe6 [0x0000000002d1cf80+0x66]
J 6693 C1 com.sun.javafx.application.PlatformImpl.lambda$runLater$173(Ljava/lang/Runnable;Ljava/security/AccessControlContext;)V (38 bytes) @ 0x000000000305029c [0x000000000304fe80+0x41c]
J 6692 C1 com.sun.javafx.application.PlatformImpl$$Lambda$48.run()V (12 bytes) @ 0x0000000002d0494c [0x0000000002d048c0+0x8c]
J 4789 C1 com.sun.glass.ui.InvokeLaterDispatcher$Future.run()V (91 bytes) @ 0x00000000035dd254 [0x00000000035dd140+0x114]
v  ~StubRoutines::call_stub
j  com.sun.glass.ui.win.WinApplication._runLoop(Ljava/lang/Runnable;)V+0
j  com.sun.glass.ui.win.WinApplication.lambda$null$147(ILjava/lang/Runnable;)V+8
j  com.sun.glass.ui.win.WinApplication$$Lambda$37.run()V+12
j  java.lang.Thread.run()V+11
v  ~StubRoutines::call_stub

---------------  P R O C E S S  ---------------

Java Threads: ( => current thread )
  0x0000000027d2b800 JavaThread "Keep-Alive-SocketCleaner" daemon [_thread_blocked, id=15380, stack(0x000000004cdc0000,0x000000004cec0000)]
  0x0000000027d27000 JavaThread "URL-Loader-20" daemon [_thread_blocked, id=6536, stack(0x000000004ccc0000,0x000000004cdc0000)]
  0x0000000027d25000 JavaThread "URL-Loader-19" daemon [_thread_blocked, id=1576, stack(0x000000004c820000,0x000000004c920000)]
  0x000000001f752000 JavaThread "URL-Loader-18" daemon [_thread_blocked, id=14632, stack(0x000000004c210000,0x000000004c310000)]
  0x0000000027508800 JavaThread "URL-Loader-17" daemon [_thread_blocked, id=14204, stack(0x000000004c110000,0x000000004c210000)]
  0x0000000027507800 JavaThread "URL-Loader-16" daemon [_thread_blocked, id=2144, stack(0x000000004c010000,0x000000004c110000)]
  0x0000000027507000 JavaThread "URL-Loader-15" daemon [_thread_blocked, id=17712, stack(0x000000004bf10000,0x000000004c010000)]
  0x0000000027506000 JavaThread "URL-Loader-14" daemon [_thread_blocked, id=13060, stack(0x000000004a910000,0x000000004aa10000)]
  0x0000000027504800 JavaThread "URL-Loader-13" daemon [_thread_blocked, id=19148, stack(0x000000004cbc0000,0x000000004ccc0000)]
  0x0000000027505800 JavaThread "URL-Loader-12" daemon [_thread_blocked, id=15108, stack(0x000000004cac0000,0x000000004cbc0000)]
  0x0000000027503000 JavaThread "URL-Loader-11" daemon [_thread_blocked, id=9884, stack(0x000000004c9c0000,0x000000004cac0000)]
  0x0000000027504000 JavaThread "Keep-Alive-Timer" daemon [_thread_blocked, id=9252, stack(0x000000004c520000,0x000000004c620000)]
  0x0000000027502800 JavaThread "URL-Loader-10" daemon [_thread_blocked, id=8884, stack(0x000000004c420000,0x000000004c520000)]
  0x00000000274fa000 JavaThread "URL-Loader-9" daemon [_thread_blocked, id=1880, stack(0x000000004c320000,0x000000004c420000)]
  0x0000000027501000 JavaThread "URL-Loader-8" daemon [_thread_blocked, id=4288, stack(0x000000004a3d0000,0x000000004a4d0000)]
  0x00000000274f9800 JavaThread "URL-Loader-7" daemon [_thread_blocked, id=8188, stack(0x000000004ae40000,0x000000004af40000)]
  0x00000000274ff800 JavaThread "URL-Loader-6" daemon [_thread_blocked, id=15532, stack(0x000000004ad40000,0x000000004ae40000)]
  0x00000000274fe800 JavaThread "URL-Loader-5" daemon [_thread_blocked, id=17940, stack(0x000000004ac40000,0x000000004ad40000)]
  0x00000000274fb000 JavaThread "Thread-9" daemon [_thread_in_native, id=17256, stack(0x000000004ab40000,0x000000004ac40000)]
  0x00000000274fe000 JavaThread "URL-Loader-4" daemon [_thread_blocked, id=16108, stack(0x000000004aa40000,0x000000004ab40000)]
  0x00000000274fc800 JavaThread "URL-Loader-3" daemon [_thread_blocked, id=5480, stack(0x0000000044060000,0x0000000044160000)]
  0x0000000027500000 JavaThread "ForkJoinPool.commonPool-worker-7" daemon [_thread_blocked, id=2120, stack(0x0000000044780000,0x0000000044880000)]
  0x00000000274fb800 JavaThread "URL-Loader-2" daemon [_thread_blocked, id=13224, stack(0x00000000450c0000,0x00000000451c0000)]
  0x000000001f753000 JavaThread "URL-Loader-1" daemon [_thread_blocked, id=16252, stack(0x0000000044680000,0x0000000044780000)]
  0x000000001f753800 JavaThread "Disposer" daemon [_thread_blocked, id=18112, stack(0x0000000044580000,0x0000000044680000)]
  0x000000001f750000 JavaThread "ForkJoinPool.commonPool-worker-6" daemon [_thread_blocked, id=18980, stack(0x0000000043f60000,0x0000000044060000)]
  0x000000001f74f000 JavaThread "ForkJoinPool.commonPool-worker-5" daemon [_thread_blocked, id=18952, stack(0x0000000043e60000,0x0000000043f60000)]
  0x000000001f751800 JavaThread "ForkJoinPool.commonPool-worker-4" daemon [_thread_blocked, id=1468, stack(0x0000000047580000,0x0000000047680000)]
  0x000000001f754800 JavaThread "ForkJoinPool.commonPool-worker-2" daemon [_thread_blocked, id=10112, stack(0x0000000047380000,0x0000000047480000)]
  0x000000001f755000 JavaThread "AWT-Windows" daemon [_thread_in_native, id=4016, stack(0x0000000046e80000,0x0000000046f80000)]
  0x000000001f750800 JavaThread "Java2D Disposer" daemon [_thread_blocked, id=15256, stack(0x0000000046c80000,0x0000000046d80000)]
  0x000000002a17b000 JavaThread "Prism Font Disposer" daemon [_thread_blocked, id=1216, stack(0x000000002a260000,0x000000002a360000)]
  0x000000001f2e6000 JavaThread "Thread-3" daemon [_thread_in_native, id=17188, stack(0x00000000268b0000,0x00000000269b0000)]
  0x000000001f2b9000 JavaThread "JavaFX-Launcher" [_thread_blocked, id=17788, stack(0x0000000026ab0000,0x0000000026bb0000)]
=>0x000000001f29f000 JavaThread "JavaFX Application Thread" [_thread_in_native, id=5844, stack(0x000000001fcd0000,0x000000001fdd0000)]
  0x000000001f239800 JavaThread "Thread-1" daemon [_thread_blocked, id=14568, stack(0x000000001fbd0000,0x000000001fcd0000)]
  0x000000001f222000 JavaThread "QuantumRenderer-0" daemon [_thread_blocked, id=12588, stack(0x000000001f920000,0x000000001fa20000)]
  0x000000001e23c000 JavaThread "Service Thread" daemon [_thread_blocked, id=11352, stack(0x000000001eda0000,0x000000001eea0000)]
  0x000000001e24e000 JavaThread "C1 CompilerThread3" daemon [_thread_blocked, id=588, stack(0x000000001eca0000,0x000000001eda0000)]
  0x000000001e243000 JavaThread "C2 CompilerThread2" daemon [_thread_blocked, id=4100, stack(0x000000001eba0000,0x000000001eca0000)]
  0x000000001e240800 JavaThread "C2 CompilerThread1" daemon [_thread_blocked, id=15808, stack(0x000000001eaa0000,0x000000001eba0000)]
  0x000000001e23d800 JavaThread "C2 CompilerThread0" daemon [_thread_blocked, id=15628, stack(0x000000001e9a0000,0x000000001eaa0000)]
  0x000000001e23a800 JavaThread "Monitor Ctrl-Break" daemon [_thread_in_native, id=15128, stack(0x000000001e8a0000,0x000000001e9a0000)]
  0x000000001dfd8800 JavaThread "Attach Listener" daemon [_thread_blocked, id=5952, stack(0x000000001e7a0000,0x000000001e8a0000)]
  0x000000001dfd7000 JavaThread "Signal Dispatcher" daemon [_thread_blocked, id=17800, stack(0x000000001e6a0000,0x000000001e7a0000)]
  0x000000001dfc0800 JavaThread "Finalizer" daemon [_thread_blocked, id=14736, stack(0x000000001e4a0000,0x000000001e5a0000)]
  0x000000001c1dd000 JavaThread "Reference Handler" daemon [_thread_blocked, id=19432, stack(0x000000001e3a0000,0x000000001e4a0000)]
  0x00000000026b3800 JavaThread "main" [_thread_blocked, id=6124, stack(0x0000000002400000,0x0000000002500000)]

Other Threads:
  0x000000001c1d8800 VMThread [stack: 0x000000001dea0000,0x000000001dfa0000] [id=17620]
  0x000000001e38f000 WatcherThread [stack: 0x000000001eea0000,0x000000001efa0000] [id=19436]

VM state:not at safepoint (normal execution)

VM Mutex/Monitor currently owned by a thread: None

Heap:
 PSYoungGen      total 259072K, used 153834K [0x000000076b380000, 0x0000000781680000, 0x00000007c0000000)
  eden space 221184K, 52% used [0x000000076b380000,0x0000000772534670,0x0000000778b80000)
  from space 37888K, 98% used [0x000000077f180000,0x0000000781606300,0x0000000781680000)
  to   space 54272K, 0% used [0x000000077ac80000,0x000000077ac80000,0x000000077e180000)
 ParOldGen       total 238592K, used 175590K [0x00000006c1a00000, 0x00000006d0300000, 0x000000076b380000)
  object space 238592K, 73% used [0x00000006c1a00000,0x00000006cc579be0,0x00000006d0300000)
 Metaspace       used 35410K, capacity 37566K, committed 37888K, reserved 1081344K
  class space    used 4615K, capacity 5030K, committed 5120K, reserved 1048576K

Card table byte_map: [0x0000000011b70000,0x0000000012370000] byte_map_base: 0x000000000e563000

Marking Bits: (ParMarkBitMap*) 0x0000000056943e30
 Begin Bits: [0x00000000130c0000, 0x0000000017058000)
 End Bits:   [0x0000000017058000, 0x000000001aff0000)

Polling page: 0x0000000000ab0000

CodeCache: size=245760Kb used=18976Kb max_used=18994Kb free=226783Kb
 bounds [0x00000000027b0000, 0x0000000003a60000, 0x00000000117b0000]
 total_blobs=6781 nmethods=5885 adapters=807
 compilation: enabled

Compilation events (10 events):
Event: 41.047 Thread 0x000000001e23d800 6816   !   4       java.lang.ref.Reference::tryHandlePending (115 bytes)
Event: 41.048 Thread 0x000000001e24e000 nmethod 6813 0x000000000381dad0 code [0x000000000381dc40, 0x000000000381e170]
Event: 41.050 Thread 0x000000001e24e000 6817       1       java.lang.ref.Reference::clear (6 bytes)
Event: 41.051 Thread 0x000000001e24e000 nmethod 6817 0x00000000028d1dd0 code [0x00000000028d1f20, 0x00000000028d2050]
Event: 41.052 Thread 0x000000001e243000 nmethod 6815 0x000000000381d450 code [0x000000000381d5a0, 0x000000000381d8b8]
Event: 41.052 Thread 0x000000001e240800 6818 %     4       java.lang.String::<init> @ 25 (100 bytes)
Event: 41.053 Thread 0x000000001e24e000 6814       3       java.nio.DirectByteBuffer$Deallocator::run (37 bytes)
Event: 41.054 Thread 0x000000001e24e000 nmethod 6814 0x0000000003a52250 code [0x0000000003a523c0, 0x0000000003a52698]
Event: 41.056 Thread 0x000000001e240800 nmethod 6818% 0x0000000003a52750 code [0x0000000003a528a0, 0x0000000003a52b98]
Event: 41.058 Thread 0x000000001e23d800 nmethod 6816 0x0000000003a4ef90 code [0x0000000003a4f140, 0x0000000003a4fa90]

GC Heap History (10 events):
Event: 36.636 GC heap before
{Heap before GC invocations=12 (full 4):
 PSYoungGen      total 129024K, used 118271K [0x000000076b380000, 0x0000000773e80000, 0x00000007c0000000)
  eden space 118272K, 99% used [0x000000076b380000,0x00000007726ffe90,0x0000000772700000)
  from space 10752K, 0% used [0x0000000772980000,0x0000000772980000,0x0000000773400000)
  to   space 10752K, 0% used [0x0000000773400000,0x0000000773400000,0x0000000773e80000)
 ParOldGen       total 238592K, used 168212K [0x00000006c1a00000, 0x00000006d0300000, 0x000000076b380000)
  object space 238592K, 70% used [0x00000006c1a00000,0x00000006cbe45270,0x00000006d0300000)
 Metaspace       used 32766K, capacity 34798K, committed 35072K, reserved 1079296K
  class space    used 4384K, capacity 4744K, committed 4864K, reserved 1048576K
Event: 36.646 GC heap after
Heap after GC invocations=12 (full 4):
 PSYoungGen      total 84480K, used 10600K [0x000000076b380000, 0x000000077ef80000, 0x00000007c0000000)
  eden space 73728K, 0% used [0x000000076b380000,0x000000076b380000,0x000000076fb80000)
  from space 10752K, 98% used [0x0000000773400000,0x0000000773e5a2e8,0x0000000773e80000)
  to   space 57856K, 0% used [0x000000076fb80000,0x000000076fb80000,0x0000000773400000)
 ParOldGen       total 238592K, used 168220K [0x00000006c1a00000, 0x00000006d0300000, 0x000000076b380000)
  object space 238592K, 70% used [0x00000006c1a00000,0x00000006cbe47270,0x00000006d0300000)
 Metaspace       used 32766K, capacity 34798K, committed 35072K, reserved 1079296K
  class space    used 4384K, capacity 4744K, committed 4864K, reserved 1048576K
}
Event: 36.679 GC heap before
{Heap before GC invocations=13 (full 4):
 PSYoungGen      total 84480K, used 84273K [0x000000076b380000, 0x000000077ef80000, 0x00000007c0000000)
  eden space 73728K, 99% used [0x000000076b380000,0x000000076fb72398,0x000000076fb80000)
  from space 10752K, 98% used [0x0000000773400000,0x0000000773e5a2e8,0x0000000773e80000)
  to   space 57856K, 0% used [0x000000076fb80000,0x000000076fb80000,0x0000000773400000)
 ParOldGen       total 238592K, used 168220K [0x00000006c1a00000, 0x00000006d0300000, 0x000000076b380000)
  object space 238592K, 70% used [0x00000006c1a00000,0x00000006cbe47270,0x00000006d0300000)
 Metaspace       used 32808K, capacity 34870K, committed 35072K, reserved 1079296K
  class space    used 4389K, capacity 4746K, committed 4864K, reserved 1048576K
Event: 36.687 GC heap after
Heap after GC invocations=13 (full 4):
 PSYoungGen      total 131584K, used 7973K [0x000000076b380000, 0x000000077aa00000, 0x00000007c0000000)
  eden space 73728K, 0% used [0x000000076b380000,0x000000076b380000,0x000000076fb80000)
  from space 57856K, 13% used [0x000000076fb80000,0x00000007703494e0,0x0000000773400000)
  to   space 55808K, 0% used [0x0000000777380000,0x0000000777380000,0x000000077aa00000)
 ParOldGen       total 238592K, used 168228K [0x00000006c1a00000, 0x00000006d0300000, 0x000000076b380000)
  object space 238592K, 70% used [0x00000006c1a00000,0x00000006cbe49270,0x00000006d0300000)
 Metaspace       used 32808K, capacity 34870K, committed 35072K, reserved 1079296K
  class space    used 4389K, capacity 4746K, committed 4864K, reserved 1048576K
}
Event: 36.715 GC heap before
{Heap before GC invocations=14 (full 4):
 PSYoungGen      total 131584K, used 81649K [0x000000076b380000, 0x000000077aa00000, 0x00000007c0000000)
  eden space 73728K, 99% used [0x000000076b380000,0x000000076fb72f90,0x000000076fb80000)
  from space 57856K, 13% used [0x000000076fb80000,0x00000007703494e0,0x0000000773400000)
  to   space 55808K, 0% used [0x0000000777380000,0x0000000777380000,0x000000077aa00000)
 ParOldGen       total 238592K, used 168228K [0x00000006c1a00000, 0x00000006d0300000, 0x000000076b380000)
  object space 238592K, 70% used [0x00000006c1a00000,0x00000006cbe49270,0x00000006d0300000)
 Metaspace       used 32812K, capacity 34870K, committed 35072K, reserved 1079296K
  class space    used 4389K, capacity 4746K, committed 4864K, reserved 1048576K
Event: 36.724 GC heap after
Heap after GC invocations=14 (full 4):
 PSYoungGen      total 197120K, used 8010K [0x000000076b380000, 0x000000077a880000, 0x00000007c0000000)
  eden space 142848K, 0% used [0x000000076b380000,0x000000076b380000,0x0000000773f00000)
  from space 54272K, 14% used [0x0000000777380000,0x0000000777b52b00,0x000000077a880000)
  to   space 53760K, 0% used [0x0000000773f00000,0x0000000773f00000,0x0000000777380000)
 ParOldGen       total 238592K, used 168236K [0x00000006c1a00000, 0x00000006d0300000, 0x000000076b380000)
  object space 238592K, 70% used [0x00000006c1a00000,0x00000006cbe4b270,0x00000006d0300000)
 Metaspace       used 32812K, capacity 34870K, committed 35072K, reserved 1079296K
  class space    used 4389K, capacity 4746K, committed 4864K, reserved 1048576K
}
Event: 37.741 GC heap before
{Heap before GC invocations=15 (full 4):
 PSYoungGen      total 197120K, used 150858K [0x000000076b380000, 0x000000077a880000, 0x00000007c0000000)
  eden space 142848K, 100% used [0x000000076b380000,0x0000000773f00000,0x0000000773f00000)
  from space 54272K, 14% used [0x0000000777380000,0x0000000777b52b00,0x000000077a880000)
  to   space 53760K, 0% used [0x0000000773f00000,0x0000000773f00000,0x0000000777380000)
 ParOldGen       total 238592K, used 168236K [0x00000006c1a00000, 0x00000006d0300000, 0x000000076b380000)
  object space 238592K, 70% used [0x00000006c1a00000,0x00000006cbe4b270,0x00000006d0300000)
 Metaspace       used 34874K, capacity 37028K, committed 37248K, reserved 1081344K
  class space    used 4585K, capacity 4989K, committed 4992K, reserved 1048576K
Event: 37.751 GC heap after
Heap after GC invocations=15 (full 4):
 PSYoungGen      total 196608K, used 15751K [0x000000076b380000, 0x0000000782280000, 0x00000007c0000000)
  eden space 142848K, 0% used [0x000000076b380000,0x000000076b380000,0x0000000773f00000)
  from space 53760K, 29% used [0x0000000773f00000,0x0000000774e61e28,0x0000000777380000)
  to   space 50176K, 0% used [0x000000077f180000,0x000000077f180000,0x0000000782280000)
 ParOldGen       total 238592K, used 168244K [0x00000006c1a00000, 0x00000006d0300000, 0x000000076b380000)
  object space 238592K, 70% used [0x00000006c1a00000,0x00000006cbe4d270,0x00000006d0300000)
 Metaspace       used 34874K, capacity 37028K, committed 37248K, reserved 1081344K
  class space    used 4585K, capacity 4989K, committed 4992K, reserved 1048576K
}
Event: 41.026 GC heap before
{Heap before GC invocations=16 (full 4):
 PSYoungGen      total 196608K, used 158011K [0x000000076b380000, 0x0000000782280000, 0x00000007c0000000)
  eden space 142848K, 99% used [0x000000076b380000,0x0000000773e6cf10,0x0000000773f00000)
  from space 53760K, 29% used [0x0000000773f00000,0x0000000774e61e28,0x0000000777380000)
  to   space 50176K, 0% used [0x000000077f180000,0x000000077f180000,0x0000000782280000)
 ParOldGen       total 238592K, used 168244K [0x00000006c1a00000, 0x00000006d0300000, 0x000000076b380000)
  object space 238592K, 70% used [0x00000006c1a00000,0x00000006cbe4d270,0x00000006d0300000)
 Metaspace       used 35409K, capacity 37566K, committed 37888K, reserved 1081344K
  class space    used 4615K, capacity 5030K, committed 5120K, reserved 1048576K
Event: 41.045 GC heap after
Heap after GC invocations=16 (full 4):
 PSYoungGen      total 259072K, used 37400K [0x000000076b380000, 0x0000000781680000, 0x00000007c0000000)
  eden space 221184K, 0% used [0x000000076b380000,0x000000076b380000,0x0000000778b80000)
  from space 37888K, 98% used [0x000000077f180000,0x0000000781606300,0x0000000781680000)
  to   space 54272K, 0% used [0x000000077ac80000,0x000000077ac80000,0x000000077e180000)
 ParOldGen       total 238592K, used 175590K [0x00000006c1a00000, 0x00000006d0300000, 0x000000076b380000)
  object space 238592K, 73% used [0x00000006c1a00000,0x00000006cc579be0,0x00000006d0300000)
 Metaspace       used 35409K, capacity 37566K, committed 37888K, reserved 1081344K
  class space    used 4615K, capacity 5030K, committed 5120K, reserved 1048576K
}

Deoptimization events (10 events):
Event: 39.161 Thread 0x00000000274fd000 Uncommon trap: reason=bimorphic action=maybe_recompile pc=0x0000000002bb3e10 method=java.io.SequenceInputStream.read([BII)I @ 58
Event: 39.195 Thread 0x00000000274fd000 Uncommon trap: reason=class_check action=maybe_recompile pc=0x0000000003451954 method=java.awt.image.BufferedImage.getRGB(IIII[III)[I @ 205
Event: 39.196 Thread 0x00000000274fd000 Uncommon trap: reason=class_check action=maybe_recompile pc=0x00000000039b8014 method=java.awt.image.BufferedImage.getRGB(IIII[III)[I @ 205
Event: 39.197 Thread 0x00000000274fd000 Uncommon trap: reason=class_check action=maybe_recompile pc=0x00000000039b8014 method=java.awt.image.BufferedImage.getRGB(IIII[III)[I @ 205
Event: 39.197 Thread 0x00000000274fd000 Uncommon trap: reason=class_check action=maybe_recompile pc=0x00000000039b8014 method=java.awt.image.BufferedImage.getRGB(IIII[III)[I @ 205
Event: 39.204 Thread 0x00000000274fd000 Uncommon trap: reason=class_check action=maybe_recompile pc=0x0000000002d2a050 method=java.awt.image.BufferedImage.setRGB(IIII[III)V @ 48
Event: 39.209 Thread 0x00000000274fd000 Uncommon trap: reason=class_check action=maybe_recompile pc=0x00000000039b992c method=java.awt.image.BufferedImage.setRGB(IIII[III)V @ 48
Event: 39.211 Thread 0x00000000274fd000 Uncommon trap: reason=class_check action=maybe_recompile pc=0x00000000039b992c method=java.awt.image.BufferedImage.setRGB(IIII[III)V @ 48
Event: 39.214 Thread 0x00000000274fd000 Uncommon trap: reason=class_check action=maybe_recompile pc=0x00000000039b992c method=java.awt.image.BufferedImage.setRGB(IIII[III)V @ 48
Event: 41.026 Thread 0x000000001f29f000 Uncommon trap: reason=unstable_if action=reinterpret pc=0x0000000003a50300 method=java.util.Base64$Encoder.encode0([BII[B)I @ 100

Classes redefined (0 events):
No events

Internal exceptions (10 events):
Event: 36.565 Thread 0x000000001f29f000 Exception <a 'java/io/FileNotFoundException'> (0x000000076f7678a8) thrown at [C:\re\workspace\8-2-build-windows-amd64-cygwin\jdk8u191\11896\hotspot\src\share\vm\prims\jni.cpp, line 709]
Event: 36.584 Thread 0x000000001f29f000 JVM_StopThread thread JavaThread 0x000000001f752000 as oop 0x000000076e85a928 [exception 0x000000001fdccc78]
Event: 36.916 Thread 0x00000000274fb000 Exception <a 'sun/nio/fs/WindowsException'> (0x0000000771150f20) thrown at [C:\re\workspace\8-2-build-windows-amd64-cygwin\jdk8u191\11896\hotspot\src\share\vm\prims\jni.cpp, line 709]
Event: 37.002 Thread 0x000000001f222000 Implicit null exception at 0x00000000036a4650 to 0x00000000036a46ad
Event: 37.061 Thread 0x00000000274fd000 Exception <a 'java/lang/NullPointerException'> (0x0000000771bdcd70) thrown at [C:\re\workspace\8-2-build-windows-amd64-cygwin\jdk8u191\11896\hotspot\src\share\vm\interpreter\linkResolver.cpp, line 1185]
Event: 37.079 Thread 0x000000001f29f000 Exception <a 'java/io/FileNotFoundException'> (0x0000000771ca6cd0) thrown at [C:\re\workspace\8-2-build-windows-amd64-cygwin\jdk8u191\11896\hotspot\src\share\vm\prims\jni.cpp, line 709]
Event: 37.397 Thread 0x00000000274fd000 Implicit null exception at 0x00000000037fd4c3 to 0x00000000037fd6d5
Event: 37.983 Thread 0x000000001f29f000 Exception <a 'java/lang/NullPointerException'> (0x000000076b4974f8) thrown at [C:\re\workspace\8-2-build-windows-amd64-cygwin\jdk8u191\11896\hotspot\src\share\vm\prims\jni.cpp, line 709]
Event: 38.185 Thread 0x00000000274fd000 Implicit null exception at 0x00000000038279e5 to 0x0000000003827f45
Event: 41.127 Thread 0x000000001f29f000 Exception <a 'netscape/javascript/JSException'> (0x000000076c1860a8) thrown at [C:\re\workspace\8-2-build-windows-amd64-cygwin\jdk8u191\11896\hotspot\src\share\vm\prims\jni.cpp, line 709]

Events (10 events):
Event: 41.052 Executing VM operation: RevokeBias
Event: 41.053 Executing VM operation: RevokeBias done
Event: 41.053 Executing VM operation: RevokeBias
Event: 41.053 Executing VM operation: RevokeBias done
Event: 41.053 Executing VM operation: RevokeBias
Event: 41.053 Executing VM operation: RevokeBias done
Event: 41.056 Thread 0x000000001f29f000 DEOPT PACKING pc=0x000000000343a894 sp=0x000000001fdca0e0
Event: 41.056 Thread 0x000000001f29f000 DEOPT UNPACKING pc=0x00000000027f7890 sp=0x000000001fdc9e40 mode 0
Event: 41.058 Thread 0x000000001e23d800 flushing nmethod 0x0000000002cbe290
Event: 41.058 Thread 0x000000001e23d800 flushing nmethod 0x0000000002ce6b50


Dynamic libraries:
0x00007ff621650000 - 0x00007ff621687000 	C:\Program Files\Java\jdk1.8.0_191\bin\java.exe
0x00007ff9d0340000 - 0x00007ff9d0530000 	C:\WINDOWS\SYSTEM32\ntdll.dll
0x00007ff9cf7f0000 - 0x00007ff9cf8a2000 	C:\WINDOWS\System32\KERNEL32.DLL
0x00007ff9cd2d0000 - 0x00007ff9cd574000 	C:\WINDOWS\System32\KERNELBASE.dll
0x00007ff9cf8b0000 - 0x00007ff9cf953000 	C:\WINDOWS\System32\ADVAPI32.dll
0x00007ff9cf190000 - 0x00007ff9cf22e000 	C:\WINDOWS\System32\msvcrt.dll
0x00007ff9ce840000 - 0x00007ff9ce8d7000 	C:\WINDOWS\System32\sechost.dll
0x00007ff9ce510000 - 0x00007ff9ce630000 	C:\WINDOWS\System32\RPCRT4.dll
0x00007ff9cf230000 - 0x00007ff9cf3c4000 	C:\WINDOWS\System32\USER32.dll
0x00007ff9cd780000 - 0x00007ff9cd7a1000 	C:\WINDOWS\System32\win32u.dll
0x00007ff9cf7c0000 - 0x00007ff9cf7e6000 	C:\WINDOWS\System32\GDI32.dll
0x00007ff9ce230000 - 0x00007ff9ce3c5000 	C:\WINDOWS\System32\gdi32full.dll
0x00007ff9ce090000 - 0x00007ff9ce12e000 	C:\WINDOWS\System32\msvcp_win.dll
0x00007ff9ce130000 - 0x00007ff9ce22a000 	C:\WINDOWS\System32\ucrtbase.dll
0x00007ff9bc700000 - 0x00007ff9bc984000 	C:\WINDOWS\WinSxS\amd64_microsoft.windows.common-controls_6595b64144ccf1df_6.0.18362.900_none_e6beb9d913147d17\COMCTL32.dll
0x00007ff9cfe00000 - 0x00007ff9d0135000 	C:\WINDOWS\System32\combase.dll
0x00007ff9cd580000 - 0x00007ff9cd600000 	C:\WINDOWS\System32\bcryptPrimitives.dll
0x00007ff9cf960000 - 0x00007ff9cf98e000 	C:\WINDOWS\System32\IMM32.DLL
0x00000000571e0000 - 0x00000000572b2000 	C:\Program Files\Java\jdk1.8.0_191\jre\bin\msvcr100.dll
0x0000000056120000 - 0x00000000569c4000 	C:\Program Files\Java\jdk1.8.0_191\jre\bin\server\jvm.dll
0x00007ff9cf480000 - 0x00007ff9cf488000 	C:\WINDOWS\System32\PSAPI.DLL
0x00007ff9c5410000 - 0x00007ff9c541a000 	C:\WINDOWS\SYSTEM32\VERSION.dll
0x00007ff9cae00000 - 0x00007ff9cae24000 	C:\WINDOWS\SYSTEM32\WINMM.dll
0x00007ff9928d0000 - 0x00007ff9928d9000 	C:\WINDOWS\SYSTEM32\WSOCK32.dll
0x00007ff9cf120000 - 0x00007ff9cf18f000 	C:\WINDOWS\System32\WS2_32.dll
0x00007ff9cacf0000 - 0x00007ff9cad1d000 	C:\WINDOWS\SYSTEM32\winmmbase.dll
0x00007ff9ce040000 - 0x00007ff9ce08a000 	C:\WINDOWS\System32\cfgmgr32.dll
0x00000000571d0000 - 0x00000000571df000 	C:\Program Files\Java\jdk1.8.0_191\jre\bin\verify.dll
0x00000000571a0000 - 0x00000000571c9000 	C:\Program Files\Java\jdk1.8.0_191\jre\bin\java.dll
0x0000000057170000 - 0x0000000057193000 	C:\Program Files\Java\jdk1.8.0_191\jre\bin\instrument.dll
0x0000000057150000 - 0x0000000057166000 	C:\Program Files\Java\jdk1.8.0_191\jre\bin\zip.dll
0x00007ff9cea30000 - 0x00007ff9cf116000 	C:\WINDOWS\System32\SHELL32.dll
0x00007ff9cf3d0000 - 0x00007ff9cf479000 	C:\WINDOWS\System32\shcore.dll
0x00007ff9cd860000 - 0x00007ff9cdfe0000 	C:\WINDOWS\System32\windows.storage.dll
0x00007ff9cd2a0000 - 0x00007ff9cd2c3000 	C:\WINDOWS\System32\profapi.dll
0x00007ff9cd230000 - 0x00007ff9cd27a000 	C:\WINDOWS\System32\powrprof.dll
0x00007ff9cd200000 - 0x00007ff9cd210000 	C:\WINDOWS\System32\UMPDC.dll
0x00007ff9ce9d0000 - 0x00007ff9cea22000 	C:\WINDOWS\System32\shlwapi.dll
0x00007ff9cd210000 - 0x00007ff9cd221000 	C:\WINDOWS\System32\kernel.appcore.dll
0x00007ff9ce3d0000 - 0x00007ff9ce3e7000 	C:\WINDOWS\System32\cryptsp.dll
0x00007ff9bcb60000 - 0x00007ff9bcb7a000 	C:\Program Files\JetBrains\IntelliJ IDEA Community Edition 2020.1.2\bin\breakgen64.dll
0x0000000057130000 - 0x000000005714a000 	C:\Program Files\Java\jdk1.8.0_191\jre\bin\net.dll
0x00007ff9cca10000 - 0x00007ff9cca77000 	C:\WINDOWS\system32\mswsock.dll
0x0000000002390000 - 0x0000000002393000 	C:\Program Files\Java\jdk1.8.0_191\jre\bin\api-ms-win-core-console-l1-1-0.dll
0x00000000023a0000 - 0x00000000023a3000 	C:\Program Files\Java\jdk1.8.0_191\jre\bin\api-ms-win-core-datetime-l1-1-0.dll
0x00000000023b0000 - 0x00000000023b3000 	C:\Program Files\Java\jdk1.8.0_191\jre\bin\api-ms-win-core-debug-l1-1-0.dll
0x00000000023c0000 - 0x00000000023c3000 	C:\Program Files\Java\jdk1.8.0_191\jre\bin\api-ms-win-core-errorhandling-l1-1-0.dll
0x00000000023d0000 - 0x00000000023d4000 	C:\Program Files\Java\jdk1.8.0_191\jre\bin\api-ms-win-core-file-l1-1-0.dll
0x00000000023e0000 - 0x00000000023e3000 	C:\Program Files\Java\jdk1.8.0_191\jre\bin\api-ms-win-core-file-l1-2-0.dll
0x0000000002600000 - 0x0000000002603000 	C:\Program Files\Java\jdk1.8.0_191\jre\bin\api-ms-win-core-file-l2-1-0.dll
0x0000000002610000 - 0x0000000002613000 	C:\Program Files\Java\jdk1.8.0_191\jre\bin\api-ms-win-core-handle-l1-1-0.dll
0x0000000002620000 - 0x0000000002623000 	C:\Program Files\Java\jdk1.8.0_191\jre\bin\api-ms-win-core-heap-l1-1-0.dll
0x0000000002630000 - 0x0000000002633000 	C:\Program Files\Java\jdk1.8.0_191\jre\bin\api-ms-win-core-interlocked-l1-1-0.dll
0x0000000002640000 - 0x0000000002643000 	C:\Program Files\Java\jdk1.8.0_191\jre\bin\api-ms-win-core-libraryloader-l1-1-0.dll
0x0000000002650000 - 0x0000000002653000 	C:\Program Files\Java\jdk1.8.0_191\jre\bin\api-ms-win-core-localization-l1-2-0.dll
0x0000000002660000 - 0x0000000002663000 	C:\Program Files\Java\jdk1.8.0_191\jre\bin\api-ms-win-core-memory-l1-1-0.dll
0x0000000002670000 - 0x0000000002673000 	C:\Program Files\Java\jdk1.8.0_191\jre\bin\api-ms-win-core-namedpipe-l1-1-0.dll
0x0000000002680000 - 0x0000000002683000 	C:\Program Files\Java\jdk1.8.0_191\jre\bin\api-ms-win-core-processenvironment-l1-1-0.dll
0x0000000002690000 - 0x0000000002693000 	C:\Program Files\Java\jdk1.8.0_191\jre\bin\api-ms-win-core-processthreads-l1-1-0.dll
0x000000001f7a0000 - 0x000000001f7a3000 	C:\Program Files\Java\jdk1.8.0_191\jre\bin\api-ms-win-core-processthreads-l1-1-1.dll
0x000000001f7b0000 - 0x000000001f7b3000 	C:\Program Files\Java\jdk1.8.0_191\jre\bin\api-ms-win-core-profile-l1-1-0.dll
0x000000001f7c0000 - 0x000000001f7c3000 	C:\Program Files\Java\jdk1.8.0_191\jre\bin\api-ms-win-core-rtlsupport-l1-1-0.dll
0x000000001f7d0000 - 0x000000001f7d3000 	C:\Program Files\Java\jdk1.8.0_191\jre\bin\api-ms-win-core-string-l1-1-0.dll
0x000000001f7e0000 - 0x000000001f7e3000 	C:\Program Files\Java\jdk1.8.0_191\jre\bin\api-ms-win-core-synch-l1-1-0.dll
0x000000001f7f0000 - 0x000000001f7f3000 	C:\Program Files\Java\jdk1.8.0_191\jre\bin\api-ms-win-core-synch-l1-2-0.dll
0x000000001f800000 - 0x000000001f803000 	C:\Program Files\Java\jdk1.8.0_191\jre\bin\api-ms-win-core-sysinfo-l1-1-0.dll
0x000000001f810000 - 0x000000001f813000 	C:\Program Files\Java\jdk1.8.0_191\jre\bin\api-ms-win-core-timezone-l1-1-0.dll
0x000000001f820000 - 0x000000001f823000 	C:\Program Files\Java\jdk1.8.0_191\jre\bin\api-ms-win-core-util-l1-1-0.dll
0x000000001f830000 - 0x000000001f833000 	C:\Program Files\Java\jdk1.8.0_191\jre\bin\api-ms-win-crt-conio-l1-1-0.dll
0x000000001f840000 - 0x000000001f844000 	C:\Program Files\Java\jdk1.8.0_191\jre\bin\api-ms-win-crt-convert-l1-1-0.dll
0x000000001f850000 - 0x000000001f853000 	C:\Program Files\Java\jdk1.8.0_191\jre\bin\api-ms-win-crt-environment-l1-1-0.dll
0x000000001f860000 - 0x000000001f863000 	C:\Program Files\Java\jdk1.8.0_191\jre\bin\api-ms-win-crt-filesystem-l1-1-0.dll
0x000000001f870000 - 0x000000001f873000 	C:\Program Files\Java\jdk1.8.0_191\jre\bin\api-ms-win-crt-heap-l1-1-0.dll
0x000000001f880000 - 0x000000001f883000 	C:\Program Files\Java\jdk1.8.0_191\jre\bin\api-ms-win-crt-locale-l1-1-0.dll
0x000000001f890000 - 0x000000001f895000 	C:\Program Files\Java\jdk1.8.0_191\jre\bin\api-ms-win-crt-math-l1-1-0.dll
0x000000001f8a0000 - 0x000000001f8a5000 	C:\Program Files\Java\jdk1.8.0_191\jre\bin\api-ms-win-crt-multibyte-l1-1-0.dll
0x000000001f8b0000 - 0x000000001f8c0000 	C:\Program Files\Java\jdk1.8.0_191\jre\bin\api-ms-win-crt-private-l1-1-0.dll
0x000000001f8c0000 - 0x000000001f8c3000 	C:\Program Files\Java\jdk1.8.0_191\jre\bin\api-ms-win-crt-process-l1-1-0.dll
0x000000001f8d0000 - 0x000000001f8d4000 	C:\Program Files\Java\jdk1.8.0_191\jre\bin\api-ms-win-crt-runtime-l1-1-0.dll
0x000000001f8e0000 - 0x000000001f8e4000 	C:\Program Files\Java\jdk1.8.0_191\jre\bin\api-ms-win-crt-stdio-l1-1-0.dll
0x000000001f8f0000 - 0x000000001f8f4000 	C:\Program Files\Java\jdk1.8.0_191\jre\bin\api-ms-win-crt-string-l1-1-0.dll
0x000000001f900000 - 0x000000001f903000 	C:\Program Files\Java\jdk1.8.0_191\jre\bin\api-ms-win-crt-time-l1-1-0.dll
0x000000001f910000 - 0x000000001f913000 	C:\Program Files\Java\jdk1.8.0_191\jre\bin\api-ms-win-crt-utility-l1-1-0.dll
0x00007ff9b2740000 - 0x00007ff9b2836000 	C:\Program Files\Java\jdk1.8.0_191\jre\bin\ucrtbase.dll
0x00007ff9b6860000 - 0x00007ff9b6876000 	C:\Program Files\Java\jdk1.8.0_191\jre\bin\vcruntime140.dll
0x00007ff9b30a0000 - 0x00007ff9b313c000 	C:\Program Files\Java\jdk1.8.0_191\jre\bin\msvcp140.dll
0x00007ff9b6800000 - 0x00007ff9b6851000 	C:\Program Files\Java\jdk1.8.0_191\jre\bin\concrt140.dll
0x0000000057100000 - 0x0000000057123000 	C:\Program Files\Java\jdk1.8.0_191\jre\bin\prism_d3d.dll
0x00007ff986cd0000 - 0x00007ff986e97000 	C:\WINDOWS\system32\d3d9.dll
0x00007ff9cbb70000 - 0x00007ff9cbb9d000 	C:\WINDOWS\SYSTEM32\dwmapi.dll
0x00007ff9cbe70000 - 0x00007ff9cbe90000 	C:\WINDOWS\SYSTEM32\dxcore.dll
0x00007ff9cb570000 - 0x00007ff9cb609000 	C:\WINDOWS\system32\uxtheme.dll
0x00007ff986a50000 - 0x00007ff986cc2000 	C:\WINDOWS\System32\DriverStore\FileRepository\igdlh64.inf_amd64_24de78387e6208e4\igdumdim64.dll
0x00007ff983550000 - 0x00007ff986a47000 	C:\WINDOWS\System32\DriverStore\FileRepository\igdlh64.inf_amd64_24de78387e6208e4\igd9dxva64.dll
0x00007ff9cf510000 - 0x00007ff9cf667000 	C:\WINDOWS\System32\ole32.dll
0x00007ff9d0140000 - 0x00007ff9d0205000 	C:\WINDOWS\System32\OLEAUT32.dll
0x00000000570b0000 - 0x00000000570f9000 	C:\Program Files\Java\jdk1.8.0_191\jre\bin\glass.dll
0x00007ff9ce900000 - 0x00007ff9ce9d0000 	C:\WINDOWS\System32\COMDLG32.dll
0x00007ff9cf680000 - 0x00007ff9cf7b5000 	C:\WINDOWS\System32\MSCTF.dll
0x00007ff987430000 - 0x00007ff987451000 	C:\WINDOWS\System32\DriverStore\FileRepository\igdlh64.inf_amd64_24de78387e6208e4\igdinfo64.dll
0x00007ff9c0b70000 - 0x00007ff9c2ad5000 	C:\WINDOWS\System32\DriverStore\FileRepository\igdlh64.inf_amd64_24de78387e6208e4\igc64.dll
0x0000000057070000 - 0x0000000057084000 	C:\Program Files\Java\jdk1.8.0_191\jre\bin\javafx_font.dll
0x00007ff9bf120000 - 0x00007ff9bf41e000 	C:\WINDOWS\SYSTEM32\dwrite.dll
0x00007ff9ce3f0000 - 0x00007ff9ce492000 	C:\WINDOWS\System32\clbcatq.dll
0x00007ff9c8990000 - 0x00007ff9c8b3f000 	C:\WINDOWS\SYSTEM32\WindowsCodecs.dll
0x00007ff9a8fa0000 - 0x00007ff9a8fda000 	C:\WINDOWS\system32\dataexchange.dll
0x00007ff9ca440000 - 0x00007ff9ca69b000 	C:\WINDOWS\system32\d3d11.dll
0x00007ff9cab00000 - 0x00007ff9cacdc000 	C:\WINDOWS\system32\dcomp.dll
0x00007ff9cbf00000 - 0x00007ff9cbfeb000 	C:\WINDOWS\system32\dxgi.dll
0x00007ff9cb630000 - 0x00007ff9cb891000 	C:\WINDOWS\system32\twinapi.appcore.dll
0x00007ff9cb9a0000 - 0x00007ff9cb9c9000 	C:\WINDOWS\system32\RMCLIENT.dll
0x00007ff9b2580000 - 0x00007ff9b25b3000 	C:\Program Files\Common Files\Microsoft Shared\Ink\rtscom.dll
0x00007ff9c2d80000 - 0x00007ff9c2e1e000 	C:\WINDOWS\System32\TextInputFramework.dll
0x00007ff9c9280000 - 0x00007ff9c95aa000 	C:\WINDOWS\System32\CoreUIComponents.dll
0x00007ff9cad20000 - 0x00007ff9cadf4000 	C:\WINDOWS\System32\CoreMessaging.dll
0x00007ff9cc260000 - 0x00007ff9cc291000 	C:\WINDOWS\SYSTEM32\ntmarta.dll
0x00007ff9c8fe0000 - 0x00007ff9c9133000 	C:\WINDOWS\SYSTEM32\wintypes.dll
0x00007ff9bf790000 - 0x00007ff9bfa36000 	C:\WINDOWS\System32\iertutil.dll
0x00007ff9ad680000 - 0x00007ff9ad6e5000 	C:\WINDOWS\system32\Oleacc.dll
0x0000000057050000 - 0x0000000057062000 	C:\Program Files\Java\jdk1.8.0_191\jre\bin\prism_common.dll
0x00007ff9cc760000 - 0x00007ff9cc82b000 	C:\WINDOWS\SYSTEM32\DNSAPI.dll
0x00007ff9d0270000 - 0x00007ff9d0278000 	C:\WINDOWS\System32\NSI.dll
0x00007ff9cc720000 - 0x00007ff9cc75a000 	C:\WINDOWS\SYSTEM32\IPHLPAPI.DLL
0x00007ff9bee20000 - 0x00007ff9bee2a000 	C:\Windows\System32\rasadhlp.dll
0x00007ff9c4ad0000 - 0x00007ff9c4b47000 	C:\WINDOWS\System32\fwpuclnt.dll
0x00007ff9cd750000 - 0x00007ff9cd776000 	C:\WINDOWS\System32\bcrypt.dll
0x00007ff9c9e80000 - 0x00007ff9ca440000 	C:\WINDOWS\SYSTEM32\d2d1.dll
0x00007ff9c59c0000 - 0x00007ff9c6101000 	C:\WINDOWS\SYSTEM32\D3D10Warp.dll

VM Arguments:
jvm_args: -javaagent:C:\Program Files\JetBrains\IntelliJ IDEA Community Edition 2020.1.2\lib\idea_rt.jar=54414:C:\Program Files\JetBrains\IntelliJ IDEA Community Edition 2020.1.2\bin -Dfile.encoding=UTF-8 
java_command: application.Main
java_class_path (initial): C:\Users\yacay\IdeaProjects\NTCW\bin;C:\Program Files\Java\jdk1.8.0_191\jre\lib\charsets.jar;C:\Program Files\Java\jdk1.8.0_191\jre\lib\deploy.jar;C:\Program Files\Java\jdk1.8.0_191\jre\lib\ext\access-bridge-64.jar;C:\Program Files\Java\jdk1.8.0_191\jre\lib\ext\cldrdata.jar;C:\Program Files\Java\jdk1.8.0_191\jre\lib\ext\dnsns.jar;C:\Program Files\Java\jdk1.8.0_191\jre\lib\ext\jaccess.jar;C:\Program Files\Java\jdk1.8.0_191\jre\lib\ext\jfxrt.jar;C:\Program Files\Java\jdk1.8.0_191\jre\lib\ext\localedata.jar;C:\Program Files\Java\jdk1.8.0_191\jre\lib\ext\nashorn.jar;C:\Program Files\Java\jdk1.8.0_191\jre\lib\ext\sunec.jar;C:\Program Files\Java\jdk1.8.0_191\jre\lib\ext\sunjce_provider.jar;C:\Program Files\Java\jdk1.8.0_191\jre\lib\ext\sunmscapi.jar;C:\Program Files\Java\jdk1.8.0_191\jre\lib\ext\sunpkcs11.jar;C:\Program Files\Java\jdk1.8.0_191\jre\lib\ext\zipfs.jar;C:\Program Files\Java\jdk1.8.0_191\jre\lib\javaws.jar;C:\Program Files\Java\jdk1.8.0_191\jre\lib\jce.jar;C:\Program Files\Java\jdk1.8.0_191\jre\lib\jfr.jar;C:\Program Files\Java\jdk1.8.0_191\jre\lib\jfxswt.jar;C:\Program Files\Java\jdk1.8.0_191\jre\lib\jsse.jar;C:\Program Files\Java\jdk1.8.0_191\jre\lib\management-agent.jar;C:\Program Files\Java\jdk1.8.0_191\jre\lib\plugin.jar;C:\Program Files\Java\jdk1.8.0_191\jre\lib\resources.jar;C:\Program Files\Java\jdk1.8.0_191\jre\lib\rt.jar;C:\Users\yacay\Documents\Deliveries\NTDW\Libs\apache-commons-lang.jar;C:\Users\yacay\Documents\Deliveries\NTDW\Libs\bcprov-jdk15on-157.jar;C:\Users\yacay\Documents\Deliveries\NTDW\Libs\charm-glisten-4.4.1.jar;C:\Users\yacay\Documents\Deliveries\NTDW\Libs\commons-collections4-4.1.jar;C:\Users\yacay\Documents\Deliveries\NTDW\Libs\commons-lang-2.6.jar;C:\Users\yacay\Documents\Deliveries\NTDW\Libs\commons-lang3-3.7.jar;C:\Users\yacay\Documents\Deliveries\NTDW\Libs\controlsfx-8.40.14.jar;C:\Users\yacay\Documents\Deliveries\NTDW\Libs\controlsfx-samples-8.40.14.jar;C:\Users\yacay\Documents\Deliveries\NTDW\Libs\f
Launcher Type: SUN_STANDARD

Environment Variables:
PATH=C:\ProgramData\Oracle\Java\javapath;C:\Program Files (x86)\Common Files\Oracle\Java\javapath;C:\Program Files (x86)\Razer Chroma SDK\bin;C:\Program Files\Razer Chroma SDK\bin;C:\Program Files (x86)\Intel\iCLS Client\;C:\Program Files\Intel\iCLS Client\;C:\Windows\system32;C:\Windows;C:\Windows\System32\Wbem;C:\Windows\System32\WindowsPowerShell\v1.0\;C:\Program Files (x86)\Intel\Intel(R) Management Engine Components\DAL;C:\Program Files\Intel\Intel(R) Management Engine Components\DAL;C:\Program Files (x86)\Intel\Intel(R) Management Engine Components\IPT;C:\Program Files\Intel\Intel(R) Management Engine Components\IPT;C:\Users\Administrator\AppData\Local\Microsoft\WindowsApps;C:\WINDOWS\system32;C:\WINDOWS;C:\WINDOWS\System32\Wbem;C:\WINDOWS\System32\WindowsPowerShell\v1.0\;C:\WINDOWS\System32\OpenSSH\;C:\Program Files\dotnet\;C:\PostgreSQL\pg11\bin;C:\Program Files\Git\cmd;C:\Users\yacay\AppData\Local\Programs\Python\Python36\Scripts\;C:\Users\yacay\AppData\Local\Programs\Python\Python36\;C:\Users\yacay\AppData\Local\Programs\Python\Launcher\;C:\Users\yacay\AppData\Local\Microsoft\WindowsApps;;C:\Program Files\JetBrains\IntelliJ IDEA Community Edition 2020.1.2\bin;
USERNAME=yacay
OS=Windows_NT
PROCESSOR_IDENTIFIER=Intel64 Family 6 Model 142 Stepping 10, GenuineIntel



---------------  S Y S T E M  ---------------

OS: Windows 10.0 , 64 bit Build 18362 (10.0.18362.900)

CPU:total 8 (initial active 8) (4 cores per cpu, 2 threads per core) family 6 model 142 stepping 10, cmov, cx8, fxsr, mmx, sse, sse2, sse3, ssse3, sse4.1, sse4.2, popcnt, avx, avx2, aes, clmul, erms, 3dnowpref, lzcnt, ht, tsc, tscinvbit, bmi1, bmi2, adx

Memory: 4k page, physical 16667200k(8167292k free), swap 19157568k(8168324k free)

vm_info: Java HotSpot(TM) 64-Bit Server VM (25.191-b12) for windows-amd64 JRE (1.8.0_191-b12), built on Oct  6 2018 09:29:03 by "java_re" with MS VC++ 10.0 (VS2010)

time: Mon Jul 06 16:33:02 2020
elapsed time: 41 seconds (0d 0h 0m 41s)

